Using pre-set license
Built from '6000.0/release' branch; Version is '6000.0.25f1 (4859ab7b5a49) revision 4741547'; Using compiler version '193933523'; Build Type 'Release'
OS: 'Windows 11  (10.0.22631) 64bit Education' Language: 'en' Physical Memory: 16072 MB
BatchMode: 1, IsHumanControllingUs: 0, StartBugReporterOnCrash: 0, Is64bit: 1, IsPro: 1

COMMAND LINE ARGUMENTS:
C:\Program Files\Unity 6000.0.25f1\Editor\Unity.exe
-adb2
-batchMode
-noUpm
-name
AssetImportWorker0
-projectPath
C:/Users/levin.shao/Documents/GitHub/Sand-Adventure/2D Roguelike Game/Roguelike
-logFile
Logs/AssetImportWorker0.log
-srvPort
58825
-job-worker-count
5
-background-job-worker-count
8
-asset-garbage-collectors
1
Successfully changed project path to: C:/Users/levin.shao/Documents/GitHub/Sand-Adventure/2D Roguelike Game/Roguelike
C:/Users/levin.shao/Documents/GitHub/Sand-Adventure/2D Roguelike Game/Roguelike
[UnityMemory] Configuration Parameters - Can be set up in boot.config
    "memorysetup-bucket-allocator-granularity=16"
    "memorysetup-bucket-allocator-bucket-count=8"
    "memorysetup-bucket-allocator-block-size=33554432"
    "memorysetup-bucket-allocator-block-count=8"
    "memorysetup-main-allocator-block-size=16777216"
    "memorysetup-thread-allocator-block-size=16777216"
    "memorysetup-gfx-main-allocator-block-size=16777216"
    "memorysetup-gfx-thread-allocator-block-size=16777216"
    "memorysetup-cache-allocator-block-size=4194304"
    "memorysetup-typetree-allocator-block-size=2097152"
    "memorysetup-profiler-bucket-allocator-granularity=16"
    "memorysetup-profiler-bucket-allocator-bucket-count=8"
    "memorysetup-profiler-bucket-allocator-block-size=33554432"
    "memorysetup-profiler-bucket-allocator-block-count=8"
    "memorysetup-profiler-allocator-block-size=16777216"
    "memorysetup-profiler-editor-allocator-block-size=1048576"
    "memorysetup-temp-allocator-size-main=16777216"
    "memorysetup-job-temp-allocator-block-size=2097152"
    "memorysetup-job-temp-allocator-block-size-background=1048576"
    "memorysetup-job-temp-allocator-reduction-small-platforms=262144"
    "memorysetup-allocator-temp-initial-block-size-main=262144"
    "memorysetup-allocator-temp-initial-block-size-worker=262144"
    "memorysetup-temp-allocator-size-background-worker=32768"
    "memorysetup-temp-allocator-size-job-worker=262144"
    "memorysetup-temp-allocator-size-preload-manager=33554432"
    "memorysetup-temp-allocator-size-nav-mesh-worker=65536"
    "memorysetup-temp-allocator-size-audio-worker=65536"
    "memorysetup-temp-allocator-size-cloud-worker=32768"
    "memorysetup-temp-allocator-size-gi-baking-worker=262144"
    "memorysetup-temp-allocator-size-gi-baking-worker=262144"
    "memorysetup-temp-allocator-size-gi-baking-worker=262144"
    "memorysetup-temp-allocator-size-gi-baking-worker=262144"
    "memorysetup-temp-allocator-size-gi-baking-worker=262144"
    "memorysetup-temp-allocator-size-gfx=262144"
Player connection [29188]  Target information:

Player connection [29188]  * "[IP] 10.213.1.35 [Port] 0 [Flags] 2 [Guid] 402039254 [EditorId] 402039254 [Version] 1048832 [Id] WindowsEditor(7,04CF4BA72B7DP) [Debug] 1 [PackageName] WindowsEditor [ProjectName] Editor" 

Player connection [29188] Host joined multi-casting on [225.0.0.222:54997]...
Player connection [29188] Host joined alternative multi-casting on [225.0.0.222:34997]...
JobSystem: Creating JobQueue using job-worker-count value 5
[Physics::Module] Initialized fallback backend.
[Physics::Module] Id: 0xdecafbad
Library Redirect Path: Library/
[Physics::Module] Selected backend.
[Physics::Module] Name: PhysX
[Physics::Module] Id: 0xf2b8ea05
[Physics::Module] SDK Version: 4.1.2
[Physics::Module] Integration Version: 1.0.0
[Physics::Module] Threading Mode: Multi-Threaded
Refreshing native plugins compatible for Editor in 1.71 ms, found 4 plugins.
Preloading 0 native plugins for Editor in 0.00 ms.
Initialize engine version: 6000.0.25f1 (4859ab7b5a49)
[Subsystems] Discovering subsystems at path C:/Program Files/Unity 6000.0.25f1/Editor/Data/Resources/UnitySubsystems
[Subsystems] Discovering subsystems at path C:/Users/levin.shao/Documents/GitHub/Sand-Adventure/2D Roguelike Game/Roguelike/Assets
GfxDevice: creating device client; kGfxThreadingModeNonThreaded
Direct3D:
    Version:  Direct3D 11.0 [level 11.1]
    Renderer: Intel(R) UHD Graphics 770 (ID=0x4690)
    Vendor:   Intel
    VRAM:     8036 MB
    Driver:   30.0.101.1002
Initialize mono
Mono path[0] = 'C:/Program Files/Unity 6000.0.25f1/Editor/Data/Managed'
Mono path[1] = 'C:/Program Files/Unity 6000.0.25f1/Editor/Data/MonoBleedingEdge/lib/mono/unityjit-win32'
Mono config path = 'C:/Program Files/Unity 6000.0.25f1/Editor/Data/MonoBleedingEdge/etc'
Using monoOptions --debugger-agent=transport=dt_socket,embedding=1,server=y,suspend=n,address=127.0.0.1:56448
Begin MonoManager ReloadAssembly
Registering precompiled unity dll's ...
Register platform support module: C:/Program Files/Unity 6000.0.25f1/Editor/Data/PlaybackEngines/WindowsStandaloneSupport/UnityEditor.WindowsStandalone.Extensions.dll
Registered in 0.001761 seconds.
- Loaded All Assemblies, in  0.351 seconds
Native extension for WindowsStandalone target not found
Mono: successfully reloaded assembly
- Finished resetting the current domain, in  0.339 seconds
Domain Reload Profiling: 690ms
	BeginReloadAssembly (135ms)
		ExecutionOrderSort (0ms)
		DisableScriptedObjects (0ms)
		BackupInstance (0ms)
		ReleaseScriptingObjects (0ms)
		CreateAndSetChildDomain (1ms)
	RebuildCommonClasses (31ms)
	RebuildNativeTypeToScriptingClass (10ms)
	initialDomainReloadingComplete (40ms)
	LoadAllAssembliesAndSetupDomain (134ms)
		LoadAssemblies (132ms)
		RebuildTransferFunctionScriptingTraits (0ms)
		AnalyzeDomain (132ms)
			TypeCache.Refresh (130ms)
				TypeCache.ScanAssembly (117ms)
			BuildScriptInfoCaches (0ms)
			ResolveRequiredComponents (1ms)
	FinalizeReload (340ms)
		ReleaseScriptCaches (0ms)
		RebuildScriptCaches (0ms)
		SetupLoadedEditorAssemblies (297ms)
			LogAssemblyErrors (0ms)
			InitializePlatformSupportModulesInManaged (20ms)
			SetLoadedEditorAssemblies (5ms)
			BeforeProcessingInitializeOnLoad (7ms)
			ProcessInitializeOnLoadAttributes (205ms)
			ProcessInitializeOnLoadMethodAttributes (58ms)
			AfterProcessingInitializeOnLoad (2ms)
			EditorAssembliesLoaded (0ms)
		ExecutionOrderSort2 (0ms)
		AwakeInstancesAfterBackupRestoration (0ms)
========================================================================
Worker process is ready to serve import requests
Import Worker Mode flag is 0x00
Begin MonoManager ReloadAssembly
- Loaded All Assemblies, in  1.071 seconds
Refreshing native plugins compatible for Editor in 0.95 ms, found 4 plugins.
Native extension for WindowsStandalone target not found
Mono: successfully reloaded assembly
- Finished resetting the current domain, in  1.042 seconds
Domain Reload Profiling: 2112ms
	BeginReloadAssembly (396ms)
		ExecutionOrderSort (0ms)
		DisableScriptedObjects (6ms)
		BackupInstance (0ms)
		ReleaseScriptingObjects (0ms)
		CreateAndSetChildDomain (28ms)
	RebuildCommonClasses (35ms)
	RebuildNativeTypeToScriptingClass (9ms)
	initialDomainReloadingComplete (35ms)
	LoadAllAssembliesAndSetupDomain (593ms)
		LoadAssemblies (398ms)
		RebuildTransferFunctionScriptingTraits (0ms)
		AnalyzeDomain (305ms)
			TypeCache.Refresh (192ms)
				TypeCache.ScanAssembly (172ms)
			BuildScriptInfoCaches (102ms)
			ResolveRequiredComponents (9ms)
	FinalizeReload (1043ms)
		ReleaseScriptCaches (0ms)
		RebuildScriptCaches (0ms)
		SetupLoadedEditorAssemblies (794ms)
			LogAssemblyErrors (0ms)
			InitializePlatformSupportModulesInManaged (2ms)
			SetLoadedEditorAssemblies (3ms)
			BeforeProcessingInitializeOnLoad (69ms)
			ProcessInitializeOnLoadAttributes (603ms)
			ProcessInitializeOnLoadMethodAttributes (108ms)
			AfterProcessingInitializeOnLoad (8ms)
			EditorAssembliesLoaded (0ms)
		ExecutionOrderSort2 (0ms)
		AwakeInstancesAfterBackupRestoration (6ms)
Launched and connected shader compiler UnityShaderCompiler.exe after 0.01 seconds
Refreshing native plugins compatible for Editor in 1.80 ms, found 4 plugins.
Preloading 0 native plugins for Editor in 0.00 ms.
Unloading 205 Unused Serialized files (Serialized files now loaded: 0)
Unloading 6109 unused Assets / (4.9 MB). Loaded Objects now: 6885.
Memory consumption went from 195.9 MB to 191.0 MB.
Total: 11.381700 ms (FindLiveObjects: 1.001200 ms CreateObjectMapping: 0.950400 ms MarkObjects: 5.553300 ms  DeleteObjects: 3.873900 ms)

========================================================================
Received Import Request.
  Time since last request: 322813.332095 seconds.
  path: Assets/Tiles/Scavengers2_SpriteSheet_12.asset
  artifactKey: Guid(d180c188c2367ed4ba92a7a45535f0de) Importer(2089858483,192608db42251d675da83286b1cce702)
Start importing Assets/Tiles/Scavengers2_SpriteSheet_12.asset using Guid(d180c188c2367ed4ba92a7a45535f0de) Importer(2089858483,192608db42251d675da83286b1cce702) (ScriptedImporter) -> (artifact id: '2f8107d9bc027f6aa6683d3690415090') in 0.1946456 seconds
Number of updated asset objects reloaded before import = 0Number of asset objects unloaded after import = 2

========================================================================
Received Import Request.
  Time since last request: 0.000018 seconds.
  path: Assets/Settings/Renderer2D.asset
  artifactKey: Guid(424799608f7334c24bf367e4bbfa7f9a) Importer(2089858483,192608db42251d675da83286b1cce702)
Start importing Assets/Settings/Renderer2D.asset using Guid(424799608f7334c24bf367e4bbfa7f9a) Importer(2089858483,192608db42251d675da83286b1cce702) (ScriptedImporter) -> (artifact id: 'c36d0adeada07838262d7605426272c3') in 0.0396227 seconds
Number of updated asset objects reloaded before import = 0Number of asset objects unloaded after import = 1

========================================================================
Received Import Request.
  Time since last request: 0.000034 seconds.
  path: Assets/Tiles/Scavengers2_SpriteSheet_31.asset
  artifactKey: Guid(b727da5e42ae0874caad01c6be5ab75b) Importer(2089858483,192608db42251d675da83286b1cce702)
Start importing Assets/Tiles/Scavengers2_SpriteSheet_31.asset using Guid(b727da5e42ae0874caad01c6be5ab75b) Importer(2089858483,192608db42251d675da83286b1cce702) (ScriptedImporter) -> (artifact id: '1ee956dce7b07b23778b3169b302f30b') in 0.0198272 seconds
Number of updated asset objects reloaded before import = 0Number of asset objects unloaded after import = 2

========================================================================
Received Import Request.
  Time since last request: 0.000028 seconds.
  path: Assets/Tiles/Scavengers2_SpriteSheet_27.asset
  artifactKey: Guid(d6ecfdc2502c8a84782a0a92748ba226) Importer(2089858483,192608db42251d675da83286b1cce702)
Start importing Assets/Tiles/Scavengers2_SpriteSheet_27.asset using Guid(d6ecfdc2502c8a84782a0a92748ba226) Importer(2089858483,192608db42251d675da83286b1cce702) (ScriptedImporter) -> (artifact id: 'ef44777b15877baa42dbbd4414fc7340') in 0.0142705 seconds
Number of updated asset objects reloaded before import = 0Number of asset objects unloaded after import = 2

========================================================================
Received Import Request.
  Time since last request: 0.000024 seconds.
  path: Assets/Sprites/UrbanTheme.png
  artifactKey: Guid(0ea2b2ae5ab075f40b70dac1b85181f6) Importer(2089858483,192608db42251d675da83286b1cce702)
Start importing Assets/Sprites/UrbanTheme.png using Guid(0ea2b2ae5ab075f40b70dac1b85181f6) Importer(2089858483,192608db42251d675da83286b1cce702) (ScriptedImporter) -> (artifact id: 'f8f9d5736d4d09540e46f4481e1921fa') in 0.1474999 seconds
Number of updated asset objects reloaded before import = 0Number of asset objects unloaded after import = 58

========================================================================
Received Import Request.
  Time since last request: 0.000017 seconds.
  path: Assets/Tiles/Scavengers2_SpriteSheet_33.asset
  artifactKey: Guid(1bdaecf544472a141afd23075ab17c44) Importer(2089858483,192608db42251d675da83286b1cce702)
Start importing Assets/Tiles/Scavengers2_SpriteSheet_33.asset using Guid(1bdaecf544472a141afd23075ab17c44) Importer(2089858483,192608db42251d675da83286b1cce702) (ScriptedImporter) -> (artifact id: 'fa241463f5aeecf9449f8cdd785a7679') in 0.0134067 seconds
Number of updated asset objects reloaded before import = 0Number of asset objects unloaded after import = 2

========================================================================
Received Import Request.
  Time since last request: 0.000028 seconds.
  path: Assets/Fonts/PressStart2P-Regular.ttf
  artifactKey: Guid(e08692e049a58fa4fa230db022da814a) Importer(2089858483,192608db42251d675da83286b1cce702)
Start importing Assets/Fonts/PressStart2P-Regular.ttf using Guid(e08692e049a58fa4fa230db022da814a) Importer(2089858483,192608db42251d675da83286b1cce702) (ScriptedImporter) -> (artifact id: '73aec91bfd7b57cad2d00f9c048c8ef3') in 0.0385833 seconds
Number of updated asset objects reloaded before import = 0Number of asset objects unloaded after import = 3

========================================================================
Received Import Request.
  Time since last request: 0.000020 seconds.
  path: Assets/Scripts/BoardManager.cs
  artifactKey: Guid(78b59defca943614499b66a4a098280f) Importer(2089858483,192608db42251d675da83286b1cce702)
Start importing Assets/Scripts/BoardManager.cs using Guid(78b59defca943614499b66a4a098280f) Importer(2089858483,192608db42251d675da83286b1cce702) (ScriptedImporter) -> (artifact id: '1f94917c61c06c40f0eb446a8dbd965b') in 0.0109648 seconds
Number of updated asset objects reloaded before import = 0Number of asset objects unloaded after import = 0

========================================================================
Received Import Request.
  Time since last request: 0.000016 seconds.
  path: Assets/Settings/Scenes/URP2DSceneTemplate.unity
  artifactKey: Guid(2cda990e2423bbf4892e6590ba056729) Importer(2089858483,192608db42251d675da83286b1cce702)
Start importing Assets/Settings/Scenes/URP2DSceneTemplate.unity using Guid(2cda990e2423bbf4892e6590ba056729) Importer(2089858483,192608db42251d675da83286b1cce702) (ScriptedImporter) -> (artifact id: '545c46e08f69dac9251b29a9bc2a18cb') in 0.0153901 seconds
Number of updated asset objects reloaded before import = 0Number of asset objects unloaded after import = 1

========================================================================
Received Import Request.
  Time since last request: 0.000014 seconds.
  path: Assets/Tiles/Scavengers2_SpriteSheet_1.asset
  artifactKey: Guid(3d3819ab424f871419191f2e2417929d) Importer(2089858483,192608db42251d675da83286b1cce702)
Start importing Assets/Tiles/Scavengers2_SpriteSheet_1.asset using Guid(3d3819ab424f871419191f2e2417929d) Importer(2089858483,192608db42251d675da83286b1cce702) (ScriptedImporter) -> (artifact id: 'ab7e06bfaf89cc93704a75087d1857a1') in 0.0101503 seconds
Number of updated asset objects reloaded before import = 0Number of asset objects unloaded after import = 2

========================================================================
Received Import Request.
  Time since last request: 0.000013 seconds.
  path: Assets/Tiles/Scavengers2_SpriteSheet_53.asset
  artifactKey: Guid(65fd294d7b2154242a34217ded08febc) Importer(2089858483,192608db42251d675da83286b1cce702)
Start importing Assets/Tiles/Scavengers2_SpriteSheet_53.asset using Guid(65fd294d7b2154242a34217ded08febc) Importer(2089858483,192608db42251d675da83286b1cce702) (ScriptedImporter) -> (artifact id: 'fc74c58e8777462dc2db1156a80e0a53') in 0.0156612 seconds
Number of updated asset objects reloaded before import = 0Number of asset objects unloaded after import = 2

========================================================================
Received Import Request.
  Time since last request: 0.000019 seconds.
  path: Assets/Tiles/Scavengers2_SpriteSheet_25.asset
  artifactKey: Guid(078b77f1f0d3ba64d889b6aab6ad6fe4) Importer(2089858483,192608db42251d675da83286b1cce702)
Start importing Assets/Tiles/Scavengers2_SpriteSheet_25.asset using Guid(078b77f1f0d3ba64d889b6aab6ad6fe4) Importer(2089858483,192608db42251d675da83286b1cce702) (ScriptedImporter) -> (artifact id: 'f002d458dc125a9e37c78a5c55db00dd') in 0.0208495 seconds
Number of updated asset objects reloaded before import = 0Number of asset objects unloaded after import = 2

========================================================================
Received Import Request.
  Time since last request: 0.000041 seconds.
  path: Assets/Tiles/Scavengers2_SpriteSheet_10.asset
  artifactKey: Guid(e1bfd4cfbefe7ec4da94904e03ec38a9) Importer(2089858483,192608db42251d675da83286b1cce702)
Start importing Assets/Tiles/Scavengers2_SpriteSheet_10.asset using Guid(e1bfd4cfbefe7ec4da94904e03ec38a9) Importer(2089858483,192608db42251d675da83286b1cce702) (ScriptedImporter) -> (artifact id: '1a3873d41ff19afedd040ac22d77b489') in 0.0170319 seconds
Number of updated asset objects reloaded before import = 0Number of asset objects unloaded after import = 2

========================================================================
Received Import Request.
  Time since last request: 0.000015 seconds.
  path: Assets/Tiles/Scavengers2_SpriteSheet_47.asset
  artifactKey: Guid(c21b42f8bea27d44b8408d9e242564c3) Importer(2089858483,192608db42251d675da83286b1cce702)
Start importing Assets/Tiles/Scavengers2_SpriteSheet_47.asset using Guid(c21b42f8bea27d44b8408d9e242564c3) Importer(2089858483,192608db42251d675da83286b1cce702) (ScriptedImporter) -> (artifact id: 'ff44c6165e2e3f63fd0c8396da93caad') in 0.0173298 seconds
Number of updated asset objects reloaded before import = 0Number of asset objects unloaded after import = 2

========================================================================
Received Import Request.
  Time since last request: 0.000020 seconds.
  path: Assets/Audio/fruit2.aif
  artifactKey: Guid(0920e19fe31f46a4fbe785640c6b0f36) Importer(2089858483,192608db42251d675da83286b1cce702)
Start importing Assets/Audio/fruit2.aif using Guid(0920e19fe31f46a4fbe785640c6b0f36) Importer(2089858483,192608db42251d675da83286b1cce702) (ScriptedImporter) -> (artifact id: 'e988d16b8cba3d8820ba1f02aabaa4c3') in 0.0450587 seconds
Number of updated asset objects reloaded before import = 0Number of asset objects unloaded after import = 1

========================================================================
Received Import Request.
  Time since last request: 0.000036 seconds.
  path: Assets/Sprites/UI/Life.png
  artifactKey: Guid(b3487b610882a154eb3b092b7691b0f1) Importer(2089858483,192608db42251d675da83286b1cce702)
Start importing Assets/Sprites/UI/Life.png using Guid(b3487b610882a154eb3b092b7691b0f1) Importer(2089858483,192608db42251d675da83286b1cce702) (ScriptedImporter) -> (artifact id: '40bcadaa2ce2184a1f5398c41847af55') in 0.0409491 seconds
Number of updated asset objects reloaded before import = 0Number of asset objects unloaded after import = 3

========================================================================
Received Import Request.
  Time since last request: 0.000022 seconds.
  path: Assets/Tiles/Assets_SpriteSheet4_7.asset
  artifactKey: Guid(85d8f2a7c96f99a4eb6c9d3b30227b9a) Importer(2089858483,192608db42251d675da83286b1cce702)
Start importing Assets/Tiles/Assets_SpriteSheet4_7.asset using Guid(85d8f2a7c96f99a4eb6c9d3b30227b9a) Importer(2089858483,192608db42251d675da83286b1cce702) (ScriptedImporter) -> (artifact id: '55da07b3fa8c850a79ef66ac81d1eab3') in 0.019341 seconds
Number of updated asset objects reloaded before import = 0Number of asset objects unloaded after import = 2

========================================================================
Received Import Request.
  Time since last request: 0.000033 seconds.
  path: Assets/Tiles/Scavengers2_SpriteSheet_20.asset
  artifactKey: Guid(a226e6a97bc416b4caf01036c70be725) Importer(2089858483,192608db42251d675da83286b1cce702)
Start importing Assets/Tiles/Scavengers2_SpriteSheet_20.asset using Guid(a226e6a97bc416b4caf01036c70be725) Importer(2089858483,192608db42251d675da83286b1cce702) (ScriptedImporter) -> (artifact id: 'd633885f168c92a9609b6c074f366958') in 0.0194106 seconds
Number of updated asset objects reloaded before import = 0Number of asset objects unloaded after import = 2

========================================================================
Received Import Request.
  Time since last request: 0.000037 seconds.
  path: Assets/Sprites/SandTheme.png
  artifactKey: Guid(6e370b500d6059f4082d20c1b1877c55) Importer(2089858483,192608db42251d675da83286b1cce702)
Start importing Assets/Sprites/SandTheme.png using Guid(6e370b500d6059f4082d20c1b1877c55) Importer(2089858483,192608db42251d675da83286b1cce702) (ScriptedImporter) -> (artifact id: 'cdc418239946752af6ba1f2b07acc39c') in 0.1327849 seconds
Number of updated asset objects reloaded before import = 0Number of asset objects unloaded after import = 58

========================================================================
Received Import Request.
  Time since last request: 0.000059 seconds.
  path: Assets/Audio/enemy1.aif
  artifactKey: Guid(ec55a47ca754856428dd3c1374f87b91) Importer(2089858483,192608db42251d675da83286b1cce702)
Start importing Assets/Audio/enemy1.aif using Guid(ec55a47ca754856428dd3c1374f87b91) Importer(2089858483,192608db42251d675da83286b1cce702) (ScriptedImporter) -> (artifact id: 'ee3c810835e6b30deb641d11e4e48443') in 0.03901 seconds
Number of updated asset objects reloaded before import = 0Number of asset objects unloaded after import = 1

========================================================================
Received Import Request.
  Time since last request: 0.000034 seconds.
  path: Assets/Tiles/Scavengers2_SpriteSheet_22.asset
  artifactKey: Guid(9ff6a004bd39f7d47ab821b57ae45b95) Importer(2089858483,192608db42251d675da83286b1cce702)
Start importing Assets/Tiles/Scavengers2_SpriteSheet_22.asset using Guid(9ff6a004bd39f7d47ab821b57ae45b95) Importer(2089858483,192608db42251d675da83286b1cce702) (ScriptedImporter) -> (artifact id: '77806600394543bb7ff4e75ba1c8f7bf') in 0.0167694 seconds
Number of updated asset objects reloaded before import = 0Number of asset objects unloaded after import = 2

========================================================================
Received Import Request.
  Time since last request: 0.000029 seconds.
  path: Assets/Audio/down.aif
  artifactKey: Guid(0e1666863a9b112468bcff4210effd21) Importer(2089858483,192608db42251d675da83286b1cce702)
Start importing Assets/Audio/down.aif using Guid(0e1666863a9b112468bcff4210effd21) Importer(2089858483,192608db42251d675da83286b1cce702) (ScriptedImporter) -> (artifact id: '08eea1e54c632b0b0c64104710b03037') in 0.0533061 seconds
Number of updated asset objects reloaded before import = 0Number of asset objects unloaded after import = 1

========================================================================
Received Import Request.
  Time since last request: 0.000022 seconds.
  path: Assets/Sprites/SnowTheme2.png
  artifactKey: Guid(ce62641ecf725f543abf10038b2e1ffe) Importer(2089858483,192608db42251d675da83286b1cce702)
Start importing Assets/Sprites/SnowTheme2.png using Guid(ce62641ecf725f543abf10038b2e1ffe) Importer(2089858483,192608db42251d675da83286b1cce702) (ScriptedImporter) -> (artifact id: '0c7a2c6a0a48bdb766066a560360695e') in 0.0516926 seconds
Number of updated asset objects reloaded before import = 0Number of asset objects unloaded after import = 16

========================================================================
Received Import Request.
  Time since last request: 0.000026 seconds.
  path: Assets/Environment/DefaultVolumeProfile.asset
  artifactKey: Guid(6690505f0a41a104fbbcd8b4d44d2026) Importer(2089858483,192608db42251d675da83286b1cce702)
Start importing Assets/Environment/DefaultVolumeProfile.asset using Guid(6690505f0a41a104fbbcd8b4d44d2026) Importer(2089858483,192608db42251d675da83286b1cce702) (ScriptedImporter) -> (artifact id: 'ca2bc1b16a51cc62413d24940e34361c') in 0.0189161 seconds
Number of updated asset objects reloaded before import = 0Number of asset objects unloaded after import = 0

========================================================================
Received Import Request.
  Time since last request: 0.000026 seconds.
  path: Assets/Audio/fruit1.aif
  artifactKey: Guid(e69656d6eb7c58c40b66ffdda34a756f) Importer(2089858483,192608db42251d675da83286b1cce702)
Start importing Assets/Audio/fruit1.aif using Guid(e69656d6eb7c58c40b66ffdda34a756f) Importer(2089858483,192608db42251d675da83286b1cce702) (ScriptedImporter) -> (artifact id: '1a9bd7fb3d1db4ae9dc20806c9247520') in 0.0433809 seconds
Number of updated asset objects reloaded before import = 0Number of asset objects unloaded after import = 1

========================================================================
Received Import Request.
  Time since last request: 0.000018 seconds.
  path: Assets/Sprites/UI/Speed.png
  artifactKey: Guid(f2de7b8538a5a9f419096e06591c8fd5) Importer(2089858483,192608db42251d675da83286b1cce702)
Start importing Assets/Sprites/UI/Speed.png using Guid(f2de7b8538a5a9f419096e06591c8fd5) Importer(2089858483,192608db42251d675da83286b1cce702) (ScriptedImporter) -> (artifact id: '05ab4dde13a121f63c13b4c27c418104') in 0.0346986 seconds
Number of updated asset objects reloaded before import = 0Number of asset objects unloaded after import = 3

========================================================================
Received Import Request.
  Time since last request: 0.000014 seconds.
  path: Assets/Sprites/SnowTheme.png
  artifactKey: Guid(c5b1ae75e469a704c91d7668cadcadb5) Importer(2089858483,192608db42251d675da83286b1cce702)
Start importing Assets/Sprites/SnowTheme.png using Guid(c5b1ae75e469a704c91d7668cadcadb5) Importer(2089858483,192608db42251d675da83286b1cce702) (ScriptedImporter) -> (artifact id: '1afead72c26d129827456c865ed7e858') in 0.0780361 seconds
Number of updated asset objects reloaded before import = 0Number of asset objects unloaded after import = 44

========================================================================
Received Prepare
Begin MonoManager ReloadAssembly
- Loaded All Assemblies, in  0.518 seconds
Refreshing native plugins compatible for Editor in 0.98 ms, found 4 plugins.
Native extension for WindowsStandalone target not found
Mono: successfully reloaded assembly
- Finished resetting the current domain, in  0.430 seconds
Domain Reload Profiling: 958ms
	BeginReloadAssembly (221ms)
		ExecutionOrderSort (0ms)
		DisableScriptedObjects (17ms)
		BackupInstance (0ms)
		ReleaseScriptingObjects (0ms)
		CreateAndSetChildDomain (63ms)
	RebuildCommonClasses (30ms)
	RebuildNativeTypeToScriptingClass (12ms)
	initialDomainReloadingComplete (27ms)
	LoadAllAssembliesAndSetupDomain (238ms)
		LoadAssemblies (239ms)
		RebuildTransferFunctionScriptingTraits (0ms)
		AnalyzeDomain (86ms)
			TypeCache.Refresh (9ms)
				TypeCache.ScanAssembly (0ms)
			BuildScriptInfoCaches (59ms)
			ResolveRequiredComponents (1ms)
	FinalizeReload (430ms)
		ReleaseScriptCaches (0ms)
		RebuildScriptCaches (0ms)
		SetupLoadedEditorAssemblies (246ms)
			LogAssemblyErrors (0ms)
			InitializePlatformSupportModulesInManaged (3ms)
			SetLoadedEditorAssemblies (4ms)
			BeforeProcessingInitializeOnLoad (72ms)
			ProcessInitializeOnLoadAttributes (138ms)
			ProcessInitializeOnLoadMethodAttributes (21ms)
			AfterProcessingInitializeOnLoad (7ms)
			EditorAssembliesLoaded (0ms)
		ExecutionOrderSort2 (0ms)
		AwakeInstancesAfterBackupRestoration (6ms)
Refreshing native plugins compatible for Editor in 1.16 ms, found 4 plugins.
Preloading 0 native plugins for Editor in 0.00 ms.
Unloading 13 Unused Serialized files (Serialized files now loaded: 0)
Unloading 6625 unused Assets / (21.6 MB). Loaded Objects now: 7182.
Memory consumption went from 155.6 MB to 134.0 MB.
Total: 9.247500 ms (FindLiveObjects: 0.504100 ms CreateObjectMapping: 0.458600 ms MarkObjects: 3.800800 ms  DeleteObjects: 4.480200 ms)

Prepare: number of updated asset objects reloaded= 0
