Using pre-set license
Built from '6000.0/release' branch; Version is '6000.0.25f1 (4859ab7b5a49) revision 4741547'; Using compiler version '193933523'; Build Type 'Release'
OS: 'Windows 11  (10.0.22631) 64bit Education' Language: 'en' Physical Memory: 16072 MB
BatchMode: 1, IsHumanControllingUs: 0, StartBugReporterOnCrash: 0, Is64bit: 1, IsPro: 1

COMMAND LINE ARGUMENTS:
C:\Program Files\Unity 6000.0.25f1\Editor\Unity.exe
-adb2
-batchMode
-noUpm
-name
AssetImportWorker3
-projectPath
C:/Users/levin.shao/Documents/GitHub/Game/2D Roguelike Game/Roguelike
-logFile
Logs/AssetImportWorker3.log
-srvPort
50706
-job-worker-count
5
-background-job-worker-count
8
-asset-garbage-collectors
1
Successfully changed project path to: C:/Users/levin.shao/Documents/GitHub/Game/2D Roguelike Game/Roguelike
C:/Users/levin.shao/Documents/GitHub/Game/2D Roguelike Game/Roguelike
[UnityMemory] Configuration Parameters - Can be set up in boot.config
    "memorysetup-bucket-allocator-granularity=16"
    "memorysetup-bucket-allocator-bucket-count=8"
    "memorysetup-bucket-allocator-block-size=33554432"
    "memorysetup-bucket-allocator-block-count=8"
    "memorysetup-main-allocator-block-size=16777216"
    "memorysetup-thread-allocator-block-size=16777216"
    "memorysetup-gfx-main-allocator-block-size=16777216"
    "memorysetup-gfx-thread-allocator-block-size=16777216"
    "memorysetup-cache-allocator-block-size=4194304"
    "memorysetup-typetree-allocator-block-size=2097152"
    "memorysetup-profiler-bucket-allocator-granularity=16"
    "memorysetup-profiler-bucket-allocator-bucket-count=8"
    "memorysetup-profiler-bucket-allocator-block-size=33554432"
    "memorysetup-profiler-bucket-allocator-block-count=8"
    "memorysetup-profiler-allocator-block-size=16777216"
    "memorysetup-profiler-editor-allocator-block-size=1048576"
    "memorysetup-temp-allocator-size-main=16777216"
    "memorysetup-job-temp-allocator-block-size=2097152"
    "memorysetup-job-temp-allocator-block-size-background=1048576"
    "memorysetup-job-temp-allocator-reduction-small-platforms=262144"
    "memorysetup-allocator-temp-initial-block-size-main=262144"
    "memorysetup-allocator-temp-initial-block-size-worker=262144"
    "memorysetup-temp-allocator-size-background-worker=32768"
    "memorysetup-temp-allocator-size-job-worker=262144"
    "memorysetup-temp-allocator-size-preload-manager=33554432"
    "memorysetup-temp-allocator-size-nav-mesh-worker=65536"
    "memorysetup-temp-allocator-size-audio-worker=65536"
    "memorysetup-temp-allocator-size-cloud-worker=32768"
    "memorysetup-temp-allocator-size-gi-baking-worker=262144"
    "memorysetup-temp-allocator-size-gi-baking-worker=262144"
    "memorysetup-temp-allocator-size-gi-baking-worker=262144"
    "memorysetup-temp-allocator-size-gi-baking-worker=262144"
    "memorysetup-temp-allocator-size-gi-baking-worker=262144"
    "memorysetup-temp-allocator-size-gfx=262144"
Player connection [7672]  Target information:

Player connection [7672]  * "[IP] 10.213.1.35 [Port] 0 [Flags] 2 [Guid] 213462219 [EditorId] 213462219 [Version] 1048832 [Id] WindowsEditor(7,04CF4BA72B7DP) [Debug] 1 [PackageName] WindowsEditor [ProjectName] Editor" 

Player connection [7672] Host joined multi-casting on [225.0.0.222:54997]...
Player connection [7672] Host joined alternative multi-casting on [225.0.0.222:34997]...
JobSystem: Creating JobQueue using job-worker-count value 5
[Physics::Module] Initialized fallback backend.
[Physics::Module] Id: 0xdecafbad
Library Redirect Path: Library/
[Physics::Module] Selected backend.
[Physics::Module] Name: PhysX
[Physics::Module] Id: 0xf2b8ea05
[Physics::Module] SDK Version: 4.1.2
[Physics::Module] Integration Version: 1.0.0
[Physics::Module] Threading Mode: Multi-Threaded
Refreshing native plugins compatible for Editor in 2.08 ms, found 4 plugins.
Preloading 0 native plugins for Editor in 0.00 ms.
Initialize engine version: 6000.0.25f1 (4859ab7b5a49)
[Subsystems] Discovering subsystems at path C:/Program Files/Unity 6000.0.25f1/Editor/Data/Resources/UnitySubsystems
[Subsystems] Discovering subsystems at path C:/Users/levin.shao/Documents/GitHub/Game/2D Roguelike Game/Roguelike/Assets
GfxDevice: creating device client; kGfxThreadingModeNonThreaded
Direct3D:
    Version:  Direct3D 11.0 [level 11.1]
    Renderer: Intel(R) UHD Graphics 770 (ID=0x4690)
    Vendor:   Intel
    VRAM:     8036 MB
    Driver:   30.0.101.1002
Initialize mono
Mono path[0] = 'C:/Program Files/Unity 6000.0.25f1/Editor/Data/Managed'
Mono path[1] = 'C:/Program Files/Unity 6000.0.25f1/Editor/Data/MonoBleedingEdge/lib/mono/unityjit-win32'
Mono config path = 'C:/Program Files/Unity 6000.0.25f1/Editor/Data/MonoBleedingEdge/etc'
Using monoOptions --debugger-agent=transport=dt_socket,embedding=1,server=y,suspend=n,address=127.0.0.1:56400
Begin MonoManager ReloadAssembly
Registering precompiled unity dll's ...
Register platform support module: C:/Program Files/Unity 6000.0.25f1/Editor/Data/PlaybackEngines/WindowsStandaloneSupport/UnityEditor.WindowsStandalone.Extensions.dll
Registered in 0.001628 seconds.
- Loaded All Assemblies, in  0.295 seconds
Native extension for WindowsStandalone target not found
Mono: successfully reloaded assembly
- Finished resetting the current domain, in  0.254 seconds
Domain Reload Profiling: 548ms
	BeginReloadAssembly (107ms)
		ExecutionOrderSort (0ms)
		DisableScriptedObjects (0ms)
		BackupInstance (0ms)
		ReleaseScriptingObjects (0ms)
		CreateAndSetChildDomain (1ms)
	RebuildCommonClasses (32ms)
	RebuildNativeTypeToScriptingClass (9ms)
	initialDomainReloadingComplete (35ms)
	LoadAllAssembliesAndSetupDomain (110ms)
		LoadAssemblies (106ms)
		RebuildTransferFunctionScriptingTraits (0ms)
		AnalyzeDomain (107ms)
			TypeCache.Refresh (106ms)
				TypeCache.ScanAssembly (97ms)
			BuildScriptInfoCaches (0ms)
			ResolveRequiredComponents (0ms)
	FinalizeReload (254ms)
		ReleaseScriptCaches (0ms)
		RebuildScriptCaches (0ms)
		SetupLoadedEditorAssemblies (221ms)
			LogAssemblyErrors (0ms)
			InitializePlatformSupportModulesInManaged (18ms)
			SetLoadedEditorAssemblies (4ms)
			BeforeProcessingInitializeOnLoad (5ms)
			ProcessInitializeOnLoadAttributes (146ms)
			ProcessInitializeOnLoadMethodAttributes (47ms)
			AfterProcessingInitializeOnLoad (2ms)
			EditorAssembliesLoaded (0ms)
		ExecutionOrderSort2 (0ms)
		AwakeInstancesAfterBackupRestoration (0ms)
========================================================================
Worker process is ready to serve import requests
Import Worker Mode flag is 0x00
Begin MonoManager ReloadAssembly
- Loaded All Assemblies, in  0.812 seconds
Refreshing native plugins compatible for Editor in 1.06 ms, found 4 plugins.
Native extension for WindowsStandalone target not found
The project currently uses the compatibility mode where the Render Graph API is disabled. Support for this mode will be removed in future Unity versions. Migrate existing ScriptableRenderPasses to the new RenderGraph API. After the migration, disable the compatibility mode in Edit > Projects Settings > Graphics > Render Graph.
UnityEngine.Debug:ExtractStackTraceNoAlloc (byte*,int,string)
UnityEngine.StackTraceUtility:ExtractStackTrace ()
UnityEngine.DebugLogHandler:Internal_Log (UnityEngine.LogType,UnityEngine.LogOption,string,UnityEngine.Object)
UnityEngine.DebugLogHandler:LogFormat (UnityEngine.LogType,UnityEngine.Object,string,object[])
UnityEngine.Logger:Log (UnityEngine.LogType,object)
UnityEngine.Debug:LogWarning (object)
UnityEngine.Rendering.Universal.WarnUsingNonRenderGraph:EmitConsoleWarning () (at ./Library/PackageCache/com.unity.render-pipelines.universal/Runtime/Data/UniversalRenderPipelineAsset.cs:427)
System.Reflection.RuntimeMethodInfo:Invoke (object,System.Reflection.BindingFlags,System.Reflection.Binder,object[],System.Globalization.CultureInfo)
System.Reflection.MethodBase:Invoke (object,object[])
UnityEditor.EditorAssemblies:ProcessInitializeOnLoadMethodAttributes ()

(Filename: ./Library/PackageCache/com.unity.render-pipelines.universal/Runtime/Data/UniversalRenderPipelineAsset.cs Line: 427)

Mono: successfully reloaded assembly
- Finished resetting the current domain, in  0.759 seconds
Domain Reload Profiling: 1570ms
	BeginReloadAssembly (316ms)
		ExecutionOrderSort (0ms)
		DisableScriptedObjects (5ms)
		BackupInstance (0ms)
		ReleaseScriptingObjects (0ms)
		CreateAndSetChildDomain (25ms)
	RebuildCommonClasses (29ms)
	RebuildNativeTypeToScriptingClass (8ms)
	initialDomainReloadingComplete (27ms)
	LoadAllAssembliesAndSetupDomain (430ms)
		LoadAssemblies (283ms)
		RebuildTransferFunctionScriptingTraits (0ms)
		AnalyzeDomain (230ms)
			TypeCache.Refresh (150ms)
				TypeCache.ScanAssembly (137ms)
			BuildScriptInfoCaches (69ms)
			ResolveRequiredComponents (8ms)
	FinalizeReload (760ms)
		ReleaseScriptCaches (0ms)
		RebuildScriptCaches (0ms)
		SetupLoadedEditorAssemblies (579ms)
			LogAssemblyErrors (0ms)
			InitializePlatformSupportModulesInManaged (2ms)
			SetLoadedEditorAssemblies (4ms)
			BeforeProcessingInitializeOnLoad (53ms)
			ProcessInitializeOnLoadAttributes (442ms)
			ProcessInitializeOnLoadMethodAttributes (74ms)
			AfterProcessingInitializeOnLoad (5ms)
			EditorAssembliesLoaded (0ms)
		ExecutionOrderSort2 (0ms)
		AwakeInstancesAfterBackupRestoration (4ms)
Launched and connected shader compiler UnityShaderCompiler.exe after 0.01 seconds
Refreshing native plugins compatible for Editor in 1.03 ms, found 4 plugins.
Preloading 0 native plugins for Editor in 0.00 ms.
Unloading 205 Unused Serialized files (Serialized files now loaded: 0)
Unloading 6107 unused Assets / (4.5 MB). Loaded Objects now: 6864.
Memory consumption went from 195.6 MB to 191.1 MB.
Total: 7.012300 ms (FindLiveObjects: 0.451000 ms CreateObjectMapping: 0.426600 ms MarkObjects: 4.465700 ms  DeleteObjects: 1.667100 ms)

========================================================================
Received Import Request.
  Time since last request: 90238.842470 seconds.
  path: Assets/Audio/down.aif
  artifactKey: Guid(0e1666863a9b112468bcff4210effd21) Importer(815301076,1909f56bfc062723c751e8b465ee728b)
Start importing Assets/Audio/down.aif using Guid(0e1666863a9b112468bcff4210effd21) Importer(815301076,1909f56bfc062723c751e8b465ee728b) (PreviewImporter) -> (artifact id: 'ed9114da2caf2cbc2d1f992632daa9c4') in 0.0861894 seconds
Number of updated asset objects reloaded before import = 0Number of asset objects unloaded after import = 2

========================================================================
Received Import Request.
  Time since last request: 0.000141 seconds.
  path: Assets/Audio/enemy1.aif
  artifactKey: Guid(ec55a47ca754856428dd3c1374f87b91) Importer(815301076,1909f56bfc062723c751e8b465ee728b)
Start importing Assets/Audio/enemy1.aif using Guid(ec55a47ca754856428dd3c1374f87b91) Importer(815301076,1909f56bfc062723c751e8b465ee728b) (PreviewImporter) -> (artifact id: 'ceefd73208b7bea15e6fde046213dfaf') in 0.0171762 seconds
Number of updated asset objects reloaded before import = 0Number of asset objects unloaded after import = 2

========================================================================
Received Import Request.
  Time since last request: 18.755821 seconds.
  path: Assets/Sprites/UrbanTheme.png
  artifactKey: Guid(0ea2b2ae5ab075f40b70dac1b85181f6) Importer(815301076,1909f56bfc062723c751e8b465ee728b)
Start importing Assets/Sprites/UrbanTheme.png using Guid(0ea2b2ae5ab075f40b70dac1b85181f6) Importer(815301076,1909f56bfc062723c751e8b465ee728b) (PreviewImporter) -> (artifact id: 'a28293d5678f7cf4f010bb1569ff0e5b') in 0.1274275 seconds
Number of updated asset objects reloaded before import = 0Number of asset objects unloaded after import = 58

========================================================================
Received Import Request.
  Time since last request: 1003.269271 seconds.
  path: Assets/Sprites/UI/Defense.png
  artifactKey: Guid(47baf68848a8d9449a709ee579ee433d) Importer(815301076,1909f56bfc062723c751e8b465ee728b)
Start importing Assets/Sprites/UI/Defense.png using Guid(47baf68848a8d9449a709ee579ee433d) Importer(815301076,1909f56bfc062723c751e8b465ee728b) (PreviewImporter) -> (artifact id: '7580f4c907fd72ea16091f06d75453a7') in 0.0185879 seconds
Number of updated asset objects reloaded before import = 1Number of asset objects unloaded after import = 3

========================================================================
Received Import Request.
  Time since last request: 0.000048 seconds.
  path: Assets/Sprites/UI/Speed.png
  artifactKey: Guid(f2de7b8538a5a9f419096e06591c8fd5) Importer(815301076,1909f56bfc062723c751e8b465ee728b)
Start importing Assets/Sprites/UI/Speed.png using Guid(f2de7b8538a5a9f419096e06591c8fd5) Importer(815301076,1909f56bfc062723c751e8b465ee728b) (PreviewImporter) -> (artifact id: 'e84125ee550893b06e848cc1f4939913') in 0.0155067 seconds
Number of updated asset objects reloaded before import = 0Number of asset objects unloaded after import = 3

========================================================================
Received Import Request.
  Time since last request: 91.804856 seconds.
  path: Assets/Tiles/Assets_SpriteSheet4_1.asset
  artifactKey: Guid(0378df385156e2c4fbd1c823401320ac) Importer(815301076,1909f56bfc062723c751e8b465ee728b)
Start importing Assets/Tiles/Assets_SpriteSheet4_1.asset using Guid(0378df385156e2c4fbd1c823401320ac) Importer(815301076,1909f56bfc062723c751e8b465ee728b) (PreviewImporter) -> (artifact id: '9e17b1b4f4f5efd1f28fdb7a161aadd5') in 0.0399174 seconds
Number of updated asset objects reloaded before import = 0Number of asset objects unloaded after import = 3

========================================================================
Received Import Request.
  Time since last request: 0.000016 seconds.
  path: Assets/Tiles/Assets_SpriteSheet4_7.asset
  artifactKey: Guid(85d8f2a7c96f99a4eb6c9d3b30227b9a) Importer(815301076,1909f56bfc062723c751e8b465ee728b)
Start importing Assets/Tiles/Assets_SpriteSheet4_7.asset using Guid(85d8f2a7c96f99a4eb6c9d3b30227b9a) Importer(815301076,1909f56bfc062723c751e8b465ee728b) (PreviewImporter) -> (artifact id: '61d0256dc2b0d0acad20ba08fd9a522b') in 0.0133218 seconds
Number of updated asset objects reloaded before import = 0Number of asset objects unloaded after import = 3

========================================================================
Received Import Request.
  Time since last request: 0.000030 seconds.
  path: Assets/Tiles/Scavengers2_SpriteSheet_2.asset
  artifactKey: Guid(3498240bda8e5734a99d43b33b150f02) Importer(815301076,1909f56bfc062723c751e8b465ee728b)
Start importing Assets/Tiles/Scavengers2_SpriteSheet_2.asset using Guid(3498240bda8e5734a99d43b33b150f02) Importer(815301076,1909f56bfc062723c751e8b465ee728b) (PreviewImporter) -> (artifact id: '1baf35fdba324d9ce22d1390a75b6f52') in 0.0141364 seconds
Number of updated asset objects reloaded before import = 0Number of asset objects unloaded after import = 3

========================================================================
Received Import Request.
  Time since last request: 0.000069 seconds.
  path: Assets/Tiles/Assets_SpriteSheet4_2.asset
  artifactKey: Guid(529a0ca93bbcd974b8fb146b1faae644) Importer(815301076,1909f56bfc062723c751e8b465ee728b)
Start importing Assets/Tiles/Assets_SpriteSheet4_2.asset using Guid(529a0ca93bbcd974b8fb146b1faae644) Importer(815301076,1909f56bfc062723c751e8b465ee728b) (PreviewImporter) -> (artifact id: '0ec403e6aa11a927b3058ac3269de704') in 0.0122834 seconds
Number of updated asset objects reloaded before import = 0Number of asset objects unloaded after import = 3

========================================================================
Received Import Request.
  Time since last request: 0.000019 seconds.
  path: Assets/Tiles/Scavengers2_SpriteSheet_3.asset
  artifactKey: Guid(192df7df47755b24d972c3a93ea8f674) Importer(815301076,1909f56bfc062723c751e8b465ee728b)
Start importing Assets/Tiles/Scavengers2_SpriteSheet_3.asset using Guid(192df7df47755b24d972c3a93ea8f674) Importer(815301076,1909f56bfc062723c751e8b465ee728b) (PreviewImporter) -> (artifact id: '2575af2d2a4e444103879c4befc13f4a') in 0.0171101 seconds
Number of updated asset objects reloaded before import = 0Number of asset objects unloaded after import = 3

========================================================================
Received Import Request.
  Time since last request: 0.000022 seconds.
  path: Assets/Tiles/Scavengers2_SpriteSheet_1.asset
  artifactKey: Guid(3d3819ab424f871419191f2e2417929d) Importer(815301076,1909f56bfc062723c751e8b465ee728b)
Start importing Assets/Tiles/Scavengers2_SpriteSheet_1.asset using Guid(3d3819ab424f871419191f2e2417929d) Importer(815301076,1909f56bfc062723c751e8b465ee728b) (PreviewImporter) -> (artifact id: '7b2c2cfbb1891492c6fdc14faf7cadfa') in 0.0135359 seconds
Number of updated asset objects reloaded before import = 0Number of asset objects unloaded after import = 3

========================================================================
Received Import Request.
  Time since last request: 0.000016 seconds.
  path: Assets/Tiles/Assets_SpriteSheet4_3.asset
  artifactKey: Guid(54804550d7ee8b8479c38ea7b8cbfaf0) Importer(815301076,1909f56bfc062723c751e8b465ee728b)
Start importing Assets/Tiles/Assets_SpriteSheet4_3.asset using Guid(54804550d7ee8b8479c38ea7b8cbfaf0) Importer(815301076,1909f56bfc062723c751e8b465ee728b) (PreviewImporter) -> (artifact id: 'a8c85183beed3be3e79078c53cd75af1') in 0.0164564 seconds
Number of updated asset objects reloaded before import = 0Number of asset objects unloaded after import = 3

========================================================================
Received Import Request.
  Time since last request: 0.752398 seconds.
  path: Assets/Tiles/Scavengers2_SpriteSheet_5.asset
  artifactKey: Guid(bd84f1a21f6ab5947b5cce3a6c52c857) Importer(815301076,1909f56bfc062723c751e8b465ee728b)
Start importing Assets/Tiles/Scavengers2_SpriteSheet_5.asset using Guid(bd84f1a21f6ab5947b5cce3a6c52c857) Importer(815301076,1909f56bfc062723c751e8b465ee728b) (PreviewImporter) -> (artifact id: 'f3716e7a04ca9a0dc4b790edbb1a3050') in 0.0121673 seconds
Number of updated asset objects reloaded before import = 0Number of asset objects unloaded after import = 3

========================================================================
Received Import Request.
  Time since last request: 0.008428 seconds.
  path: Assets/Tiles/Scavengers2_SpriteSheet_7.asset
  artifactKey: Guid(b557d6c6ecb7b7e4fb1656cf687d03e6) Importer(815301076,1909f56bfc062723c751e8b465ee728b)
Start importing Assets/Tiles/Scavengers2_SpriteSheet_7.asset using Guid(b557d6c6ecb7b7e4fb1656cf687d03e6) Importer(815301076,1909f56bfc062723c751e8b465ee728b) (PreviewImporter) -> (artifact id: '083b6e550e0b6156b9545ac1eb7d03a9') in 0.0143845 seconds
Number of updated asset objects reloaded before import = 0Number of asset objects unloaded after import = 3

========================================================================
Received Import Request.
  Time since last request: 0.000028 seconds.
  path: Assets/Tiles/Scavengers2_SpriteSheet_9.asset
  artifactKey: Guid(4531ff005f482b547a5bf731cdccdd79) Importer(815301076,1909f56bfc062723c751e8b465ee728b)
Start importing Assets/Tiles/Scavengers2_SpriteSheet_9.asset using Guid(4531ff005f482b547a5bf731cdccdd79) Importer(815301076,1909f56bfc062723c751e8b465ee728b) (PreviewImporter) -> (artifact id: '4977227ecaa03900b56b4e2dfc98021c') in 0.0115976 seconds
Number of updated asset objects reloaded before import = 0Number of asset objects unloaded after import = 3

========================================================================
Received Import Request.
  Time since last request: 0.000032 seconds.
  path: Assets/Tiles/Scavengers2_SpriteSheet_11.asset
  artifactKey: Guid(7822be9beb4a7054a8f28daa079ec42f) Importer(815301076,1909f56bfc062723c751e8b465ee728b)
Start importing Assets/Tiles/Scavengers2_SpriteSheet_11.asset using Guid(7822be9beb4a7054a8f28daa079ec42f) Importer(815301076,1909f56bfc062723c751e8b465ee728b) (PreviewImporter) -> (artifact id: 'ecb6b6d51b09282c5819df10e8f21134') in 0.0143123 seconds
Number of updated asset objects reloaded before import = 0Number of asset objects unloaded after import = 3

========================================================================
Received Import Request.
  Time since last request: 0.246155 seconds.
  path: Assets/Tiles/Scavengers2_SpriteSheet_14.asset
  artifactKey: Guid(fc190b33ca9571342abd8d162253bec6) Importer(815301076,1909f56bfc062723c751e8b465ee728b)
Start importing Assets/Tiles/Scavengers2_SpriteSheet_14.asset using Guid(fc190b33ca9571342abd8d162253bec6) Importer(815301076,1909f56bfc062723c751e8b465ee728b) (PreviewImporter) -> (artifact id: '8fa4d747169ec6b99d7bf921fa376241') in 0.0109235 seconds
Number of updated asset objects reloaded before import = 0Number of asset objects unloaded after import = 3

========================================================================
Received Import Request.
  Time since last request: 0.000025 seconds.
  path: Assets/Tiles/Scavengers2_SpriteSheet_16.asset
  artifactKey: Guid(7eb724ce8a6d31d4bbad2aea83912abb) Importer(815301076,1909f56bfc062723c751e8b465ee728b)
Start importing Assets/Tiles/Scavengers2_SpriteSheet_16.asset using Guid(7eb724ce8a6d31d4bbad2aea83912abb) Importer(815301076,1909f56bfc062723c751e8b465ee728b) (PreviewImporter) -> (artifact id: 'dd0371a9b6e64d31fbfde2262276d7b3') in 0.0121764 seconds
Number of updated asset objects reloaded before import = 0Number of asset objects unloaded after import = 3

========================================================================
Received Import Request.
  Time since last request: 0.000016 seconds.
  path: Assets/Tiles/Scavengers2_SpriteSheet_20.asset
  artifactKey: Guid(a226e6a97bc416b4caf01036c70be725) Importer(815301076,1909f56bfc062723c751e8b465ee728b)
Start importing Assets/Tiles/Scavengers2_SpriteSheet_20.asset using Guid(a226e6a97bc416b4caf01036c70be725) Importer(815301076,1909f56bfc062723c751e8b465ee728b) (PreviewImporter) -> (artifact id: '96b4321507bfb6ea066358c5718788ed') in 0.0119336 seconds
Number of updated asset objects reloaded before import = 0Number of asset objects unloaded after import = 3

========================================================================
Received Import Request.
  Time since last request: 0.000014 seconds.
  path: Assets/Tiles/Scavengers2_SpriteSheet_15.asset
  artifactKey: Guid(507344646f48cb24887e7ab36f3d2593) Importer(815301076,1909f56bfc062723c751e8b465ee728b)
Start importing Assets/Tiles/Scavengers2_SpriteSheet_15.asset using Guid(507344646f48cb24887e7ab36f3d2593) Importer(815301076,1909f56bfc062723c751e8b465ee728b) (PreviewImporter) -> (artifact id: '717d44bcc2dc142c2fb6396a86af5bfb') in 0.0129324 seconds
Number of updated asset objects reloaded before import = 0Number of asset objects unloaded after import = 3

========================================================================
Received Import Request.
  Time since last request: 0.000015 seconds.
  path: Assets/Tiles/Scavengers2_SpriteSheet_21.asset
  artifactKey: Guid(ee37f06a2a94d6443938e2e9545e1b62) Importer(815301076,1909f56bfc062723c751e8b465ee728b)
Start importing Assets/Tiles/Scavengers2_SpriteSheet_21.asset using Guid(ee37f06a2a94d6443938e2e9545e1b62) Importer(815301076,1909f56bfc062723c751e8b465ee728b) (PreviewImporter) -> (artifact id: 'b80f577f6fe531b74b6a4471511257ff') in 0.0131307 seconds
Number of updated asset objects reloaded before import = 0Number of asset objects unloaded after import = 3

========================================================================
Received Import Request.
  Time since last request: 0.000030 seconds.
  path: Assets/Tiles/Scavengers2_SpriteSheet_24.asset
  artifactKey: Guid(d8401b05500a1c1459d299ea40efc06f) Importer(815301076,1909f56bfc062723c751e8b465ee728b)
Start importing Assets/Tiles/Scavengers2_SpriteSheet_24.asset using Guid(d8401b05500a1c1459d299ea40efc06f) Importer(815301076,1909f56bfc062723c751e8b465ee728b) (PreviewImporter) -> (artifact id: '00e39edb889147827e821c4645687d18') in 0.0108861 seconds
Number of updated asset objects reloaded before import = 0Number of asset objects unloaded after import = 3

========================================================================
Received Import Request.
  Time since last request: 0.187941 seconds.
  path: Assets/Tiles/Scavengers2_SpriteSheet_26.asset
  artifactKey: Guid(975f82ba16923b34e8b8e2cb11e31402) Importer(815301076,1909f56bfc062723c751e8b465ee728b)
Start importing Assets/Tiles/Scavengers2_SpriteSheet_26.asset using Guid(975f82ba16923b34e8b8e2cb11e31402) Importer(815301076,1909f56bfc062723c751e8b465ee728b) (PreviewImporter) -> (artifact id: 'b86971dc82c005145b37e6e3b47b495e') in 0.010193 seconds
Number of updated asset objects reloaded before import = 0Number of asset objects unloaded after import = 3

========================================================================
Received Import Request.
  Time since last request: 0.000021 seconds.
  path: Assets/Tiles/Scavengers2_SpriteSheet_29.asset
  artifactKey: Guid(3771e91c8171cbc40bb370bc86ad50a9) Importer(815301076,1909f56bfc062723c751e8b465ee728b)
Start importing Assets/Tiles/Scavengers2_SpriteSheet_29.asset using Guid(3771e91c8171cbc40bb370bc86ad50a9) Importer(815301076,1909f56bfc062723c751e8b465ee728b) (PreviewImporter) -> (artifact id: '36cb7443c82d5833d6dd91d1ef25a4db') in 0.010621 seconds
Number of updated asset objects reloaded before import = 0Number of asset objects unloaded after import = 3

========================================================================
Received Import Request.
  Time since last request: 0.000016 seconds.
  path: Assets/Tiles/Scavengers2_SpriteSheet_33.asset
  artifactKey: Guid(1bdaecf544472a141afd23075ab17c44) Importer(815301076,1909f56bfc062723c751e8b465ee728b)
Start importing Assets/Tiles/Scavengers2_SpriteSheet_33.asset using Guid(1bdaecf544472a141afd23075ab17c44) Importer(815301076,1909f56bfc062723c751e8b465ee728b) (PreviewImporter) -> (artifact id: '047fb48e423c46439ba26ba67de73561') in 0.0126571 seconds
Number of updated asset objects reloaded before import = 0Number of asset objects unloaded after import = 3

========================================================================
Received Import Request.
  Time since last request: 0.000017 seconds.
  path: Assets/Tiles/Scavengers2_SpriteSheet_28.asset
  artifactKey: Guid(55ae56267eb455f40be039e0f6c56eb4) Importer(815301076,1909f56bfc062723c751e8b465ee728b)
Start importing Assets/Tiles/Scavengers2_SpriteSheet_28.asset using Guid(55ae56267eb455f40be039e0f6c56eb4) Importer(815301076,1909f56bfc062723c751e8b465ee728b) (PreviewImporter) -> (artifact id: 'dcdd976247d58191854c7c04b868ad78') in 0.0113358 seconds
Number of updated asset objects reloaded before import = 0Number of asset objects unloaded after import = 3

========================================================================
Received Import Request.
  Time since last request: 0.234026 seconds.
  path: Assets/Tiles/Scavengers2_SpriteSheet_35.asset
  artifactKey: Guid(6771366928644a244b0cb61c30441cbb) Importer(815301076,1909f56bfc062723c751e8b465ee728b)
Start importing Assets/Tiles/Scavengers2_SpriteSheet_35.asset using Guid(6771366928644a244b0cb61c30441cbb) Importer(815301076,1909f56bfc062723c751e8b465ee728b) (PreviewImporter) -> (artifact id: '15927386e84ec5ea248d9ef42b37c90f') in 0.0108499 seconds
Number of updated asset objects reloaded before import = 0Number of asset objects unloaded after import = 3

========================================================================
Received Import Request.
  Time since last request: 0.000027 seconds.
  path: Assets/Tiles/Scavengers2_SpriteSheet_37.asset
  artifactKey: Guid(abcd47fe0f6acf1458c28801b772793b) Importer(815301076,1909f56bfc062723c751e8b465ee728b)
Start importing Assets/Tiles/Scavengers2_SpriteSheet_37.asset using Guid(abcd47fe0f6acf1458c28801b772793b) Importer(815301076,1909f56bfc062723c751e8b465ee728b) (PreviewImporter) -> (artifact id: '0f66e73da70e562f098c6ef65cdd368c') in 0.0114481 seconds
Number of updated asset objects reloaded before import = 0Number of asset objects unloaded after import = 3

========================================================================
Received Import Request.
  Time since last request: 0.000022 seconds.
  path: Assets/Tiles/Scavengers2_SpriteSheet_39.asset
  artifactKey: Guid(fd3c59406eaaf1e448a048f0e1cd6b41) Importer(815301076,1909f56bfc062723c751e8b465ee728b)
Start importing Assets/Tiles/Scavengers2_SpriteSheet_39.asset using Guid(fd3c59406eaaf1e448a048f0e1cd6b41) Importer(815301076,1909f56bfc062723c751e8b465ee728b) (PreviewImporter) -> (artifact id: '6329b9f2e1c20ba8b8858d2a13415c7f') in 0.0124584 seconds
Number of updated asset objects reloaded before import = 0Number of asset objects unloaded after import = 3

========================================================================
Received Import Request.
  Time since last request: 0.000020 seconds.
  path: Assets/Tiles/Scavengers2_SpriteSheet_50.asset
  artifactKey: Guid(d17a7cf90170ae84d9012cdd3297adc0) Importer(815301076,1909f56bfc062723c751e8b465ee728b)
Start importing Assets/Tiles/Scavengers2_SpriteSheet_50.asset using Guid(d17a7cf90170ae84d9012cdd3297adc0) Importer(815301076,1909f56bfc062723c751e8b465ee728b) (PreviewImporter) -> (artifact id: '1ece9cfad541655adcc3ebace970f72a') in 0.01393 seconds
Number of updated asset objects reloaded before import = 0Number of asset objects unloaded after import = 3

========================================================================
Received Import Request.
  Time since last request: 0.000017 seconds.
  path: Assets/Tiles/Scavengers2_SpriteSheet_36.asset
  artifactKey: Guid(71c644dba02d47840be2ef3f76c54c9d) Importer(815301076,1909f56bfc062723c751e8b465ee728b)
Start importing Assets/Tiles/Scavengers2_SpriteSheet_36.asset using Guid(71c644dba02d47840be2ef3f76c54c9d) Importer(815301076,1909f56bfc062723c751e8b465ee728b) (PreviewImporter) -> (artifact id: '498a59998e2d678105f8714a17489452') in 0.0115859 seconds
Number of updated asset objects reloaded before import = 0Number of asset objects unloaded after import = 3

========================================================================
Received Import Request.
  Time since last request: 0.000040 seconds.
  path: Assets/Tiles/Scavengers2_SpriteSheet_47.asset
  artifactKey: Guid(c21b42f8bea27d44b8408d9e242564c3) Importer(815301076,1909f56bfc062723c751e8b465ee728b)
Start importing Assets/Tiles/Scavengers2_SpriteSheet_47.asset using Guid(c21b42f8bea27d44b8408d9e242564c3) Importer(815301076,1909f56bfc062723c751e8b465ee728b) (PreviewImporter) -> (artifact id: 'f10ae68464450422d6ac7c16ba2599f3') in 0.0113726 seconds
Number of updated asset objects reloaded before import = 0Number of asset objects unloaded after import = 3

========================================================================
Received Import Request.
  Time since last request: 0.192107 seconds.
  path: Assets/Tiles/Scavengers2_SpriteSheet_54.asset
  artifactKey: Guid(966857ef03c860f43b8bf0c2552ba4cb) Importer(815301076,1909f56bfc062723c751e8b465ee728b)
Start importing Assets/Tiles/Scavengers2_SpriteSheet_54.asset using Guid(966857ef03c860f43b8bf0c2552ba4cb) Importer(815301076,1909f56bfc062723c751e8b465ee728b) (PreviewImporter) -> (artifact id: 'c1d6b8936f9e465807873aac29788a99') in 0.0130898 seconds
Number of updated asset objects reloaded before import = 0Number of asset objects unloaded after import = 3

========================================================================
Received Import Request.
  Time since last request: 225.920622 seconds.
  path: Assets/Settings/Renderer2D.asset
  artifactKey: Guid(424799608f7334c24bf367e4bbfa7f9a) Importer(815301076,1909f56bfc062723c751e8b465ee728b)
Start importing Assets/Settings/Renderer2D.asset using Guid(424799608f7334c24bf367e4bbfa7f9a) Importer(815301076,1909f56bfc062723c751e8b465ee728b) (PreviewImporter) -> (artifact id: '8cab8308fda093d6da09f05f2af612e3') in 0.0013956 seconds
Number of updated asset objects reloaded before import = 0Number of asset objects unloaded after import = 0

========================================================================
Received Import Request.
  Time since last request: 0.000023 seconds.
  path: Assets/Settings/UniversalRP.asset
  artifactKey: Guid(681886c5eb7344803b6206f758bf0b1c) Importer(815301076,1909f56bfc062723c751e8b465ee728b)
Start importing Assets/Settings/UniversalRP.asset using Guid(681886c5eb7344803b6206f758bf0b1c) Importer(815301076,1909f56bfc062723c751e8b465ee728b) (PreviewImporter) -> (artifact id: '30e54b48ef0944b6fcf89af780dcc70a') in 0.0011696 seconds
Number of updated asset objects reloaded before import = 0Number of asset objects unloaded after import = 0

