Using pre-set license
Built from '6000.0/release' branch; Version is '6000.0.25f1 (4859ab7b5a49) revision 4741547'; Using compiler version '193933523'; Build Type 'Release'
OS: 'Windows 11  (10.0.22631) 64bit Education' Language: 'en' Physical Memory: 16072 MB
BatchMode: 1, IsHumanControllingUs: 0, StartBugReporterOnCrash: 0, Is64bit: 1, IsPro: 1

COMMAND LINE ARGUMENTS:
C:\Program Files\Unity 6000.0.25f1\Editor\Unity.exe
-adb2
-batchMode
-noUpm
-name
AssetImportWorker2
-projectPath
C:/Users/levin.shao/Documents/GitHub/Sand-Adventure/2D Roguelike Game/Roguelike
-logFile
Logs/AssetImportWorker2.log
-srvPort
58825
-job-worker-count
5
-background-job-worker-count
8
-asset-garbage-collectors
1
Successfully changed project path to: C:/Users/levin.shao/Documents/GitHub/Sand-Adventure/2D Roguelike Game/Roguelike
C:/Users/levin.shao/Documents/GitHub/Sand-Adventure/2D Roguelike Game/Roguelike
[UnityMemory] Configuration Parameters - Can be set up in boot.config
    "memorysetup-bucket-allocator-granularity=16"
    "memorysetup-bucket-allocator-bucket-count=8"
    "memorysetup-bucket-allocator-block-size=33554432"
    "memorysetup-bucket-allocator-block-count=8"
    "memorysetup-main-allocator-block-size=16777216"
    "memorysetup-thread-allocator-block-size=16777216"
    "memorysetup-gfx-main-allocator-block-size=16777216"
    "memorysetup-gfx-thread-allocator-block-size=16777216"
    "memorysetup-cache-allocator-block-size=4194304"
    "memorysetup-typetree-allocator-block-size=2097152"
    "memorysetup-profiler-bucket-allocator-granularity=16"
    "memorysetup-profiler-bucket-allocator-bucket-count=8"
    "memorysetup-profiler-bucket-allocator-block-size=33554432"
    "memorysetup-profiler-bucket-allocator-block-count=8"
    "memorysetup-profiler-allocator-block-size=16777216"
    "memorysetup-profiler-editor-allocator-block-size=1048576"
    "memorysetup-temp-allocator-size-main=16777216"
    "memorysetup-job-temp-allocator-block-size=2097152"
    "memorysetup-job-temp-allocator-block-size-background=1048576"
    "memorysetup-job-temp-allocator-reduction-small-platforms=262144"
    "memorysetup-allocator-temp-initial-block-size-main=262144"
    "memorysetup-allocator-temp-initial-block-size-worker=262144"
    "memorysetup-temp-allocator-size-background-worker=32768"
    "memorysetup-temp-allocator-size-job-worker=262144"
    "memorysetup-temp-allocator-size-preload-manager=33554432"
    "memorysetup-temp-allocator-size-nav-mesh-worker=65536"
    "memorysetup-temp-allocator-size-audio-worker=65536"
    "memorysetup-temp-allocator-size-cloud-worker=32768"
    "memorysetup-temp-allocator-size-gi-baking-worker=262144"
    "memorysetup-temp-allocator-size-gi-baking-worker=262144"
    "memorysetup-temp-allocator-size-gi-baking-worker=262144"
    "memorysetup-temp-allocator-size-gi-baking-worker=262144"
    "memorysetup-temp-allocator-size-gi-baking-worker=262144"
    "memorysetup-temp-allocator-size-gfx=262144"
Player connection [22072]  Target information:

Player connection [22072]  * "[IP] 10.213.1.35 [Port] 0 [Flags] 2 [Guid] 221856827 [EditorId] 221856827 [Version] 1048832 [Id] WindowsEditor(7,04CF4BA72B7DP) [Debug] 1 [PackageName] WindowsEditor [ProjectName] Editor" 

Player connection [22072] Host joined multi-casting on [225.0.0.222:54997]...
Player connection [22072] Host joined alternative multi-casting on [225.0.0.222:34997]...
JobSystem: Creating JobQueue using job-worker-count value 5
[Physics::Module] Initialized fallback backend.
[Physics::Module] Id: 0xdecafbad
Library Redirect Path: Library/
[Physics::Module] Selected backend.
[Physics::Module] Name: PhysX
[Physics::Module] Id: 0xf2b8ea05
[Physics::Module] SDK Version: 4.1.2
[Physics::Module] Integration Version: 1.0.0
[Physics::Module] Threading Mode: Multi-Threaded
Refreshing native plugins compatible for Editor in 2.53 ms, found 4 plugins.
Preloading 0 native plugins for Editor in 0.00 ms.
Initialize engine version: 6000.0.25f1 (4859ab7b5a49)
[Subsystems] Discovering subsystems at path C:/Program Files/Unity 6000.0.25f1/Editor/Data/Resources/UnitySubsystems
[Subsystems] Discovering subsystems at path C:/Users/levin.shao/Documents/GitHub/Sand-Adventure/2D Roguelike Game/Roguelike/Assets
GfxDevice: creating device client; kGfxThreadingModeNonThreaded
Direct3D:
    Version:  Direct3D 11.0 [level 11.1]
    Renderer: Intel(R) UHD Graphics 770 (ID=0x4690)
    Vendor:   Intel
    VRAM:     8036 MB
    Driver:   30.0.101.1002
Initialize mono
Mono path[0] = 'C:/Program Files/Unity 6000.0.25f1/Editor/Data/Managed'
Mono path[1] = 'C:/Program Files/Unity 6000.0.25f1/Editor/Data/MonoBleedingEdge/lib/mono/unityjit-win32'
Mono config path = 'C:/Program Files/Unity 6000.0.25f1/Editor/Data/MonoBleedingEdge/etc'
Using monoOptions --debugger-agent=transport=dt_socket,embedding=1,server=y,suspend=n,address=127.0.0.1:56032
Begin MonoManager ReloadAssembly
Registering precompiled unity dll's ...
Register platform support module: C:/Program Files/Unity 6000.0.25f1/Editor/Data/PlaybackEngines/WindowsStandaloneSupport/UnityEditor.WindowsStandalone.Extensions.dll
Registered in 0.002472 seconds.
- Loaded All Assemblies, in  0.372 seconds
Native extension for WindowsStandalone target not found
Mono: successfully reloaded assembly
- Finished resetting the current domain, in  0.336 seconds
Domain Reload Profiling: 707ms
	BeginReloadAssembly (137ms)
		ExecutionOrderSort (0ms)
		DisableScriptedObjects (0ms)
		BackupInstance (0ms)
		ReleaseScriptingObjects (0ms)
		CreateAndSetChildDomain (1ms)
	RebuildCommonClasses (32ms)
	RebuildNativeTypeToScriptingClass (14ms)
	initialDomainReloadingComplete (51ms)
	LoadAllAssembliesAndSetupDomain (137ms)
		LoadAssemblies (134ms)
		RebuildTransferFunctionScriptingTraits (0ms)
		AnalyzeDomain (135ms)
			TypeCache.Refresh (133ms)
				TypeCache.ScanAssembly (119ms)
			BuildScriptInfoCaches (0ms)
			ResolveRequiredComponents (0ms)
	FinalizeReload (337ms)
		ReleaseScriptCaches (0ms)
		RebuildScriptCaches (0ms)
		SetupLoadedEditorAssemblies (293ms)
			LogAssemblyErrors (0ms)
			InitializePlatformSupportModulesInManaged (26ms)
			SetLoadedEditorAssemblies (4ms)
			BeforeProcessingInitializeOnLoad (7ms)
			ProcessInitializeOnLoadAttributes (202ms)
			ProcessInitializeOnLoadMethodAttributes (51ms)
			AfterProcessingInitializeOnLoad (3ms)
			EditorAssembliesLoaded (0ms)
		ExecutionOrderSort2 (0ms)
		AwakeInstancesAfterBackupRestoration (0ms)
========================================================================
Worker process is ready to serve import requests
Import Worker Mode flag is 0x00
Begin MonoManager ReloadAssembly
- Loaded All Assemblies, in  1.063 seconds
Refreshing native plugins compatible for Editor in 1.32 ms, found 4 plugins.
Native extension for WindowsStandalone target not found
Mono: successfully reloaded assembly
- Finished resetting the current domain, in  1.034 seconds
Domain Reload Profiling: 2094ms
	BeginReloadAssembly (404ms)
		ExecutionOrderSort (0ms)
		DisableScriptedObjects (5ms)
		BackupInstance (0ms)
		ReleaseScriptingObjects (0ms)
		CreateAndSetChildDomain (32ms)
	RebuildCommonClasses (44ms)
	RebuildNativeTypeToScriptingClass (15ms)
	initialDomainReloadingComplete (36ms)
	LoadAllAssembliesAndSetupDomain (561ms)
		LoadAssemblies (408ms)
		RebuildTransferFunctionScriptingTraits (0ms)
		AnalyzeDomain (272ms)
			TypeCache.Refresh (178ms)
				TypeCache.ScanAssembly (162ms)
			BuildScriptInfoCaches (82ms)
			ResolveRequiredComponents (9ms)
	FinalizeReload (1034ms)
		ReleaseScriptCaches (0ms)
		RebuildScriptCaches (0ms)
		SetupLoadedEditorAssemblies (796ms)
			LogAssemblyErrors (0ms)
			InitializePlatformSupportModulesInManaged (2ms)
			SetLoadedEditorAssemblies (5ms)
			BeforeProcessingInitializeOnLoad (77ms)
			ProcessInitializeOnLoadAttributes (590ms)
			ProcessInitializeOnLoadMethodAttributes (115ms)
			AfterProcessingInitializeOnLoad (8ms)
			EditorAssembliesLoaded (0ms)
		ExecutionOrderSort2 (0ms)
		AwakeInstancesAfterBackupRestoration (6ms)
Launched and connected shader compiler UnityShaderCompiler.exe after 0.01 seconds
Refreshing native plugins compatible for Editor in 1.24 ms, found 4 plugins.
Preloading 0 native plugins for Editor in 0.00 ms.
Unloading 205 Unused Serialized files (Serialized files now loaded: 0)
Unloading 6109 unused Assets / (4.6 MB). Loaded Objects now: 6885.
Memory consumption went from 195.9 MB to 191.2 MB.
Total: 10.760700 ms (FindLiveObjects: 0.884700 ms CreateObjectMapping: 0.918700 ms MarkObjects: 5.724200 ms  DeleteObjects: 3.230300 ms)

========================================================================
Received Import Request.
  Time since last request: 322813.330808 seconds.
  path: Assets/Tiles/Scavengers2_SpriteSheet_32.asset
  artifactKey: Guid(e1405da3e16abc244b423cd7ea59bfad) Importer(2089858483,192608db42251d675da83286b1cce702)
Start importing Assets/Tiles/Scavengers2_SpriteSheet_32.asset using Guid(e1405da3e16abc244b423cd7ea59bfad) Importer(2089858483,192608db42251d675da83286b1cce702) (ScriptedImporter) -> (artifact id: 'fd8834d547579972e133e812a31dc580') in 0.1942584 seconds
Number of updated asset objects reloaded before import = 0Number of asset objects unloaded after import = 2

========================================================================
Received Import Request.
  Time since last request: 0.000022 seconds.
  path: Assets/Tiles/Scavengers2_SpriteSheet_39.asset
  artifactKey: Guid(fd3c59406eaaf1e448a048f0e1cd6b41) Importer(2089858483,192608db42251d675da83286b1cce702)
Start importing Assets/Tiles/Scavengers2_SpriteSheet_39.asset using Guid(fd3c59406eaaf1e448a048f0e1cd6b41) Importer(2089858483,192608db42251d675da83286b1cce702) (ScriptedImporter) -> (artifact id: '0f97c567e9edd80dfaa0bfe6161e294e') in 0.0229113 seconds
Number of updated asset objects reloaded before import = 0Number of asset objects unloaded after import = 2

========================================================================
Received Import Request.
  Time since last request: 0.000029 seconds.
  path: Assets/Tiles/Scavengers2_SpriteSheet_9.asset
  artifactKey: Guid(4531ff005f482b547a5bf731cdccdd79) Importer(2089858483,192608db42251d675da83286b1cce702)
Start importing Assets/Tiles/Scavengers2_SpriteSheet_9.asset using Guid(4531ff005f482b547a5bf731cdccdd79) Importer(2089858483,192608db42251d675da83286b1cce702) (ScriptedImporter) -> (artifact id: '4e91fbe42e6951c868bcff0be62f2fe9') in 0.0157002 seconds
Number of updated asset objects reloaded before import = 0Number of asset objects unloaded after import = 2

========================================================================
Received Import Request.
  Time since last request: 0.000019 seconds.
  path: Assets/Tiles/Assets_SpriteSheet4_4.asset
  artifactKey: Guid(01becb5a6df3466499c971b5682ddea7) Importer(2089858483,192608db42251d675da83286b1cce702)
Start importing Assets/Tiles/Assets_SpriteSheet4_4.asset using Guid(01becb5a6df3466499c971b5682ddea7) Importer(2089858483,192608db42251d675da83286b1cce702) (ScriptedImporter) -> (artifact id: '793d912f9d76b9eb2cddaa51afd6e5b7') in 0.0159418 seconds
Number of updated asset objects reloaded before import = 0Number of asset objects unloaded after import = 2

========================================================================
Received Import Request.
  Time since last request: 0.000025 seconds.
  path: Assets/Tiles/Scavengers2_SpriteSheet_24.asset
  artifactKey: Guid(d8401b05500a1c1459d299ea40efc06f) Importer(2089858483,192608db42251d675da83286b1cce702)
Start importing Assets/Tiles/Scavengers2_SpriteSheet_24.asset using Guid(d8401b05500a1c1459d299ea40efc06f) Importer(2089858483,192608db42251d675da83286b1cce702) (ScriptedImporter) -> (artifact id: '68cd698e49d5ea2baddb02ec79da9589') in 0.0152657 seconds
Number of updated asset objects reloaded before import = 0Number of asset objects unloaded after import = 2

========================================================================
Received Import Request.
  Time since last request: 0.000014 seconds.
  path: Assets/Tiles/Scavengers2_SpriteSheet_11.asset
  artifactKey: Guid(7822be9beb4a7054a8f28daa079ec42f) Importer(2089858483,192608db42251d675da83286b1cce702)
Start importing Assets/Tiles/Scavengers2_SpriteSheet_11.asset using Guid(7822be9beb4a7054a8f28daa079ec42f) Importer(2089858483,192608db42251d675da83286b1cce702) (ScriptedImporter) -> (artifact id: 'c85d4e544fe8103871bffdd47674a7d1') in 0.0116136 seconds
Number of updated asset objects reloaded before import = 0Number of asset objects unloaded after import = 2

========================================================================
Received Import Request.
  Time since last request: 0.000018 seconds.
  path: Assets/Tiles/Scavengers2_SpriteSheet_34.asset
  artifactKey: Guid(a858b9cba87825044b4ff81c9c333f30) Importer(2089858483,192608db42251d675da83286b1cce702)
Start importing Assets/Tiles/Scavengers2_SpriteSheet_34.asset using Guid(a858b9cba87825044b4ff81c9c333f30) Importer(2089858483,192608db42251d675da83286b1cce702) (ScriptedImporter) -> (artifact id: 'b9f7970281a97070cb4f0ac02d55bea6') in 0.0165269 seconds
Number of updated asset objects reloaded before import = 0Number of asset objects unloaded after import = 2

========================================================================
Received Import Request.
  Time since last request: 0.000068 seconds.
  path: Assets/Audio/chop1.aif
  artifactKey: Guid(1548af72a9bac88468972d8cd0072cf3) Importer(2089858483,192608db42251d675da83286b1cce702)
Start importing Assets/Audio/chop1.aif using Guid(1548af72a9bac88468972d8cd0072cf3) Importer(2089858483,192608db42251d675da83286b1cce702) (ScriptedImporter) -> (artifact id: 'a4dbf38b12b55f934e30461eafa89c47') in 0.0625974 seconds
Number of updated asset objects reloaded before import = 0Number of asset objects unloaded after import = 1

========================================================================
Received Import Request.
  Time since last request: 0.000043 seconds.
  path: Assets/Tiles/Scavengers2_SpriteSheet_18.asset
  artifactKey: Guid(223b24fc582320d46a7185fe337ec0a7) Importer(2089858483,192608db42251d675da83286b1cce702)
Start importing Assets/Tiles/Scavengers2_SpriteSheet_18.asset using Guid(223b24fc582320d46a7185fe337ec0a7) Importer(2089858483,192608db42251d675da83286b1cce702) (ScriptedImporter) -> (artifact id: '860de27a702b33fb1f5c5d3991834d4d') in 0.015619 seconds
Number of updated asset objects reloaded before import = 0Number of asset objects unloaded after import = 2

========================================================================
Received Import Request.
  Time since last request: 0.000021 seconds.
  path: Assets/Tiles/Scavengers2_SpriteSheet_15.asset
  artifactKey: Guid(507344646f48cb24887e7ab36f3d2593) Importer(2089858483,192608db42251d675da83286b1cce702)
Start importing Assets/Tiles/Scavengers2_SpriteSheet_15.asset using Guid(507344646f48cb24887e7ab36f3d2593) Importer(2089858483,192608db42251d675da83286b1cce702) (ScriptedImporter) -> (artifact id: 'e6567849377cdb956935721823173df2') in 0.0179334 seconds
Number of updated asset objects reloaded before import = 0Number of asset objects unloaded after import = 2

========================================================================
Received Import Request.
  Time since last request: 0.000018 seconds.
  path: Assets/Scenes/Main.unity
  artifactKey: Guid(8c9cfa26abfee488c85f1582747f6a02) Importer(2089858483,192608db42251d675da83286b1cce702)
Start importing Assets/Scenes/Main.unity using Guid(8c9cfa26abfee488c85f1582747f6a02) Importer(2089858483,192608db42251d675da83286b1cce702) (ScriptedImporter) -> (artifact id: '5ef98741f9755c2bee7333eea9039c4b') in 0.0128634 seconds
Number of updated asset objects reloaded before import = 0Number of asset objects unloaded after import = 1

========================================================================
Received Import Request.
  Time since last request: 0.000016 seconds.
  path: Assets/Sprites/UrbanTheme2.png
  artifactKey: Guid(09d419d179afba3459dd52bc2e8062d7) Importer(2089858483,192608db42251d675da83286b1cce702)
Start importing Assets/Sprites/UrbanTheme2.png using Guid(09d419d179afba3459dd52bc2e8062d7) Importer(2089858483,192608db42251d675da83286b1cce702) (ScriptedImporter) -> (artifact id: '421251fb0dd90deb7381059cfff08302') in 0.0646714 seconds
Number of updated asset objects reloaded before import = 0Number of asset objects unloaded after import = 10

========================================================================
Received Import Request.
  Time since last request: 0.000018 seconds.
  path: Assets/Audio/enemy2.aif
  artifactKey: Guid(7f7868043a9d01644a07c2fff098a253) Importer(2089858483,192608db42251d675da83286b1cce702)
Start importing Assets/Audio/enemy2.aif using Guid(7f7868043a9d01644a07c2fff098a253) Importer(2089858483,192608db42251d675da83286b1cce702) (ScriptedImporter) -> (artifact id: 'ee6ec6170c30659339393d2e86059619') in 0.0557158 seconds
Number of updated asset objects reloaded before import = 0Number of asset objects unloaded after import = 1

========================================================================
Received Import Request.
  Time since last request: 0.000036 seconds.
  path: Assets/Tiles/Scavengers2_SpriteSheet_48.asset
  artifactKey: Guid(a599a57e2cb6d5f498d2b8ac187762b7) Importer(2089858483,192608db42251d675da83286b1cce702)
Start importing Assets/Tiles/Scavengers2_SpriteSheet_48.asset using Guid(a599a57e2cb6d5f498d2b8ac187762b7) Importer(2089858483,192608db42251d675da83286b1cce702) (ScriptedImporter) -> (artifact id: '1488c4f149f1b403525abdc2ac695fa6') in 0.0179596 seconds
Number of updated asset objects reloaded before import = 0Number of asset objects unloaded after import = 2

========================================================================
Received Import Request.
  Time since last request: 0.000027 seconds.
  path: Assets/Tiles/Scavengers2_SpriteSheet_29.asset
  artifactKey: Guid(3771e91c8171cbc40bb370bc86ad50a9) Importer(2089858483,192608db42251d675da83286b1cce702)
Start importing Assets/Tiles/Scavengers2_SpriteSheet_29.asset using Guid(3771e91c8171cbc40bb370bc86ad50a9) Importer(2089858483,192608db42251d675da83286b1cce702) (ScriptedImporter) -> (artifact id: '0fd43c0476b1c4c10c8915ad2e0e0983') in 0.0169326 seconds
Number of updated asset objects reloaded before import = 0Number of asset objects unloaded after import = 2

========================================================================
Received Import Request.
  Time since last request: 0.000017 seconds.
  path: Assets/Fonts/OFL.txt
  artifactKey: Guid(d54c5f296edd3db45b826f2cc9dadb8a) Importer(2089858483,192608db42251d675da83286b1cce702)
Start importing Assets/Fonts/OFL.txt using Guid(d54c5f296edd3db45b826f2cc9dadb8a) Importer(2089858483,192608db42251d675da83286b1cce702) (ScriptedImporter) -> (artifact id: 'dafffbdf618f92ac89ce5bdccfd0ec2f') in 0.0180374 seconds
Number of updated asset objects reloaded before import = 0Number of asset objects unloaded after import = 1

========================================================================
Received Import Request.
  Time since last request: 0.000061 seconds.
  path: Assets/Tiles/Palettes/GamePalette.prefab
  artifactKey: Guid(cd8539deb7cf1f4419e54dcfade34c56) Importer(2089858483,192608db42251d675da83286b1cce702)
Start importing Assets/Tiles/Palettes/GamePalette.prefab using Guid(cd8539deb7cf1f4419e54dcfade34c56) Importer(2089858483,192608db42251d675da83286b1cce702) (ScriptedImporter) -> (artifact id: '96c13123f22a95b5696ee03826520232') in 0.0606806 seconds
Number of updated asset objects reloaded before import = 0Number of asset objects unloaded after import = 10

========================================================================
Received Import Request.
  Time since last request: 0.000079 seconds.
  path: Assets/Audio/footstep2.aif
  artifactKey: Guid(4aeebf038aa255f4fa389ab284571272) Importer(2089858483,192608db42251d675da83286b1cce702)
Start importing Assets/Audio/footstep2.aif using Guid(4aeebf038aa255f4fa389ab284571272) Importer(2089858483,192608db42251d675da83286b1cce702) (ScriptedImporter) -> (artifact id: '367e3b6104925e7dda7d9c39a6e06b28') in 0.046247 seconds
Number of updated asset objects reloaded before import = 0Number of asset objects unloaded after import = 1

========================================================================
Received Import Request.
  Time since last request: 0.000023 seconds.
  path: Assets/Tiles/Scavengers2_SpriteSheet_36.asset
  artifactKey: Guid(71c644dba02d47840be2ef3f76c54c9d) Importer(2089858483,192608db42251d675da83286b1cce702)
Start importing Assets/Tiles/Scavengers2_SpriteSheet_36.asset using Guid(71c644dba02d47840be2ef3f76c54c9d) Importer(2089858483,192608db42251d675da83286b1cce702) (ScriptedImporter) -> (artifact id: '18af882261c190bd8bf6e878a3519d40') in 0.0182776 seconds
Number of updated asset objects reloaded before import = 0Number of asset objects unloaded after import = 2

========================================================================
Received Import Request.
  Time since last request: 0.000024 seconds.
  path: Assets/Tiles/Scavengers2_SpriteSheet_51.asset
  artifactKey: Guid(85a1aa119aece0e4db6ca66170ac0f76) Importer(2089858483,192608db42251d675da83286b1cce702)
Start importing Assets/Tiles/Scavengers2_SpriteSheet_51.asset using Guid(85a1aa119aece0e4db6ca66170ac0f76) Importer(2089858483,192608db42251d675da83286b1cce702) (ScriptedImporter) -> (artifact id: 'cb8208b4ea2346bf4c0f659d3794f2ba') in 0.0169414 seconds
Number of updated asset objects reloaded before import = 0Number of asset objects unloaded after import = 2

========================================================================
Received Import Request.
  Time since last request: 0.000017 seconds.
  path: Assets/Tiles/Assets_SpriteSheet4_6.asset
  artifactKey: Guid(76281f9c195e35740ac4918eb815ed82) Importer(2089858483,192608db42251d675da83286b1cce702)
Start importing Assets/Tiles/Assets_SpriteSheet4_6.asset using Guid(76281f9c195e35740ac4918eb815ed82) Importer(2089858483,192608db42251d675da83286b1cce702) (ScriptedImporter) -> (artifact id: 'a6953421dfd0e123ef774bb1e62a0904') in 0.0224408 seconds
Number of updated asset objects reloaded before import = 0Number of asset objects unloaded after import = 2

========================================================================
Received Import Request.
  Time since last request: 0.000016 seconds.
  path: Assets/Tiles/Scavengers2_SpriteSheet_26.asset
  artifactKey: Guid(975f82ba16923b34e8b8e2cb11e31402) Importer(2089858483,192608db42251d675da83286b1cce702)
Start importing Assets/Tiles/Scavengers2_SpriteSheet_26.asset using Guid(975f82ba16923b34e8b8e2cb11e31402) Importer(2089858483,192608db42251d675da83286b1cce702) (ScriptedImporter) -> (artifact id: '5575b29c8d16ac6db06e48e5244e6a26') in 0.0199496 seconds
Number of updated asset objects reloaded before import = 0Number of asset objects unloaded after import = 2

========================================================================
Received Import Request.
  Time since last request: 0.000052 seconds.
  path: Assets/Tiles/Assets_SpriteSheet4_3.asset
  artifactKey: Guid(54804550d7ee8b8479c38ea7b8cbfaf0) Importer(2089858483,192608db42251d675da83286b1cce702)
Start importing Assets/Tiles/Assets_SpriteSheet4_3.asset using Guid(54804550d7ee8b8479c38ea7b8cbfaf0) Importer(2089858483,192608db42251d675da83286b1cce702) (ScriptedImporter) -> (artifact id: '207dc2ef5ba819d964cfa61685139f30') in 0.0120154 seconds
Number of updated asset objects reloaded before import = 0Number of asset objects unloaded after import = 2

========================================================================
Received Import Request.
  Time since last request: 0.000026 seconds.
  path: Assets/Tiles/Scavengers2_SpriteSheet_28.asset
  artifactKey: Guid(55ae56267eb455f40be039e0f6c56eb4) Importer(2089858483,192608db42251d675da83286b1cce702)
Start importing Assets/Tiles/Scavengers2_SpriteSheet_28.asset using Guid(55ae56267eb455f40be039e0f6c56eb4) Importer(2089858483,192608db42251d675da83286b1cce702) (ScriptedImporter) -> (artifact id: 'c06bd17b11e4f515f8f2f7586fedbf75') in 0.0184336 seconds
Number of updated asset objects reloaded before import = 0Number of asset objects unloaded after import = 2

========================================================================
Received Import Request.
  Time since last request: 0.000025 seconds.
  path: Assets/Tiles/Scavengers2_SpriteSheet_50.asset
  artifactKey: Guid(d17a7cf90170ae84d9012cdd3297adc0) Importer(2089858483,192608db42251d675da83286b1cce702)
Start importing Assets/Tiles/Scavengers2_SpriteSheet_50.asset using Guid(d17a7cf90170ae84d9012cdd3297adc0) Importer(2089858483,192608db42251d675da83286b1cce702) (ScriptedImporter) -> (artifact id: '5eb07c78b2407c4488b583fe0395035c') in 0.0168056 seconds
Number of updated asset objects reloaded before import = 0Number of asset objects unloaded after import = 2

========================================================================
Received Import Request.
  Time since last request: 0.000017 seconds.
  path: Assets/Tiles/Scavengers2_SpriteSheet_4.asset
  artifactKey: Guid(121911ef586d9e84a9e48703d88a8b67) Importer(2089858483,192608db42251d675da83286b1cce702)
Start importing Assets/Tiles/Scavengers2_SpriteSheet_4.asset using Guid(121911ef586d9e84a9e48703d88a8b67) Importer(2089858483,192608db42251d675da83286b1cce702) (ScriptedImporter) -> (artifact id: '8aba6875f64b1741b452cb59b79907a0') in 0.0182393 seconds
Number of updated asset objects reloaded before import = 0Number of asset objects unloaded after import = 2

========================================================================
Received Import Request.
  Time since last request: 0.000028 seconds.
  path: Assets/Scripts/PlayerController.cs
  artifactKey: Guid(f5d7f161c3d45874b9ca79a83d5f8d20) Importer(2089858483,192608db42251d675da83286b1cce702)
Start importing Assets/Scripts/PlayerController.cs using Guid(f5d7f161c3d45874b9ca79a83d5f8d20) Importer(2089858483,192608db42251d675da83286b1cce702) (ScriptedImporter) -> (artifact id: '1ffa7e19b83408f0cf39f42728573dd1') in 0.0157367 seconds
Number of updated asset objects reloaded before import = 0Number of asset objects unloaded after import = 0

========================================================================
Received Import Request.
  Time since last request: 0.000032 seconds.
  path: Assets/Tiles/Scavengers2_SpriteSheet_54.asset
  artifactKey: Guid(966857ef03c860f43b8bf0c2552ba4cb) Importer(2089858483,192608db42251d675da83286b1cce702)
Start importing Assets/Tiles/Scavengers2_SpriteSheet_54.asset using Guid(966857ef03c860f43b8bf0c2552ba4cb) Importer(2089858483,192608db42251d675da83286b1cce702) (ScriptedImporter) -> (artifact id: '381b56450ef9239d972037ad48b98956') in 0.0171741 seconds
Number of updated asset objects reloaded before import = 0Number of asset objects unloaded after import = 2

========================================================================
Received Import Request.
  Time since last request: 0.000018 seconds.
  path: Assets/Tiles/Scavengers2_SpriteSheet_49.asset
  artifactKey: Guid(579afc507484d0445863954b8bd3419d) Importer(2089858483,192608db42251d675da83286b1cce702)
Start importing Assets/Tiles/Scavengers2_SpriteSheet_49.asset using Guid(579afc507484d0445863954b8bd3419d) Importer(2089858483,192608db42251d675da83286b1cce702) (ScriptedImporter) -> (artifact id: '3d911706c8de25b5a7701215c90d3c64') in 0.0177087 seconds
Number of updated asset objects reloaded before import = 0Number of asset objects unloaded after import = 2

========================================================================
Received Import Request.
  Time since last request: 0.000019 seconds.
  path: Assets/Settings/Lit2DSceneTemplate.scenetemplate
  artifactKey: Guid(d03ed43fc9d8a4f2e9fa70c1c7916eb9) Importer(2089858483,192608db42251d675da83286b1cce702)
Start importing Assets/Settings/Lit2DSceneTemplate.scenetemplate using Guid(d03ed43fc9d8a4f2e9fa70c1c7916eb9) Importer(2089858483,192608db42251d675da83286b1cce702) (ScriptedImporter) -> (artifact id: '2b5dea391eed63b332ab2ce11cad4175') in 0.0750887 seconds
Number of updated asset objects reloaded before import = 0Number of asset objects unloaded after import = 4

========================================================================
Received Import Request.
  Time since last request: 0.000085 seconds.
  path: Assets/Tiles/Scavengers2_SpriteSheet_3.asset
  artifactKey: Guid(192df7df47755b24d972c3a93ea8f674) Importer(2089858483,192608db42251d675da83286b1cce702)
Start importing Assets/Tiles/Scavengers2_SpriteSheet_3.asset using Guid(192df7df47755b24d972c3a93ea8f674) Importer(2089858483,192608db42251d675da83286b1cce702) (ScriptedImporter) -> (artifact id: '413a9fc9765a25fc6d14aeb4170e5777') in 0.0105454 seconds
Number of updated asset objects reloaded before import = 0Number of asset objects unloaded after import = 2

========================================================================
Received Import Request.
  Time since last request: 0.000035 seconds.
  path: Assets/Audio/soda2.aif
  artifactKey: Guid(2e8755e2ad3f4c04a8d43f183a58de7b) Importer(2089858483,192608db42251d675da83286b1cce702)
Start importing Assets/Audio/soda2.aif using Guid(2e8755e2ad3f4c04a8d43f183a58de7b) Importer(2089858483,192608db42251d675da83286b1cce702) (ScriptedImporter) -> (artifact id: '2ff0d1484f6fb240365dfb7f2e9c7adb') in 0.0585678 seconds
Number of updated asset objects reloaded before import = 0Number of asset objects unloaded after import = 1

========================================================================
Received Prepare
Begin MonoManager ReloadAssembly
- Loaded All Assemblies, in  0.475 seconds
Refreshing native plugins compatible for Editor in 1.18 ms, found 4 plugins.
Native extension for WindowsStandalone target not found
Mono: successfully reloaded assembly
- Finished resetting the current domain, in  0.408 seconds
Domain Reload Profiling: 884ms
	BeginReloadAssembly (212ms)
		ExecutionOrderSort (0ms)
		DisableScriptedObjects (11ms)
		BackupInstance (0ms)
		ReleaseScriptingObjects (0ms)
		CreateAndSetChildDomain (59ms)
	RebuildCommonClasses (38ms)
	RebuildNativeTypeToScriptingClass (10ms)
	initialDomainReloadingComplete (21ms)
	LoadAllAssembliesAndSetupDomain (195ms)
		LoadAssemblies (242ms)
		RebuildTransferFunctionScriptingTraits (0ms)
		AnalyzeDomain (51ms)
			TypeCache.Refresh (9ms)
				TypeCache.ScanAssembly (0ms)
			BuildScriptInfoCaches (40ms)
			ResolveRequiredComponents (0ms)
	FinalizeReload (409ms)
		ReleaseScriptCaches (0ms)
		RebuildScriptCaches (0ms)
		SetupLoadedEditorAssemblies (245ms)
			LogAssemblyErrors (0ms)
			InitializePlatformSupportModulesInManaged (2ms)
			SetLoadedEditorAssemblies (3ms)
			BeforeProcessingInitializeOnLoad (70ms)
			ProcessInitializeOnLoadAttributes (146ms)
			ProcessInitializeOnLoadMethodAttributes (20ms)
			AfterProcessingInitializeOnLoad (5ms)
			EditorAssembliesLoaded (0ms)
		ExecutionOrderSort2 (0ms)
		AwakeInstancesAfterBackupRestoration (7ms)
Refreshing native plugins compatible for Editor in 1.59 ms, found 4 plugins.
Preloading 0 native plugins for Editor in 0.00 ms.
Unloading 13 Unused Serialized files (Serialized files now loaded: 0)
Unloading 6624 unused Assets / (21.6 MB). Loaded Objects now: 7181.
Memory consumption went from 155.5 MB to 133.9 MB.
Total: 9.938300 ms (FindLiveObjects: 0.911100 ms CreateObjectMapping: 0.476600 ms MarkObjects: 3.735300 ms  DeleteObjects: 4.812600 ms)

Prepare: number of updated asset objects reloaded= 0
