Using pre-set license
Built from '6000.0/release' branch; Version is '6000.0.25f1 (4859ab7b5a49) revision 4741547'; Using compiler version '193933523'; Build Type 'Release'
OS: 'Windows 11  (10.0.22631) 64bit Education' Language: 'en' Physical Memory: 16072 MB
BatchMode: 1, IsHumanControllingUs: 0, StartBugReporterOnCrash: 0, Is64bit: 1, IsPro: 1

COMMAND LINE ARGUMENTS:
C:\Program Files\Unity 6000.0.25f1\Editor\Unity.exe
-adb2
-batchMode
-noUpm
-name
AssetImportWorker1
-projectPath
C:/Users/levin.shao/Documents/GitHub/Sand-Adventure/2D Roguelike Game/Roguelike
-logFile
Logs/AssetImportWorker1.log
-srvPort
58825
-job-worker-count
5
-background-job-worker-count
8
-asset-garbage-collectors
1
Successfully changed project path to: C:/Users/levin.shao/Documents/GitHub/Sand-Adventure/2D Roguelike Game/Roguelike
C:/Users/levin.shao/Documents/GitHub/Sand-Adventure/2D Roguelike Game/Roguelike
[UnityMemory] Configuration Parameters - Can be set up in boot.config
    "memorysetup-bucket-allocator-granularity=16"
    "memorysetup-bucket-allocator-bucket-count=8"
    "memorysetup-bucket-allocator-block-size=33554432"
    "memorysetup-bucket-allocator-block-count=8"
    "memorysetup-main-allocator-block-size=16777216"
    "memorysetup-thread-allocator-block-size=16777216"
    "memorysetup-gfx-main-allocator-block-size=16777216"
    "memorysetup-gfx-thread-allocator-block-size=16777216"
    "memorysetup-cache-allocator-block-size=4194304"
    "memorysetup-typetree-allocator-block-size=2097152"
    "memorysetup-profiler-bucket-allocator-granularity=16"
    "memorysetup-profiler-bucket-allocator-bucket-count=8"
    "memorysetup-profiler-bucket-allocator-block-size=33554432"
    "memorysetup-profiler-bucket-allocator-block-count=8"
    "memorysetup-profiler-allocator-block-size=16777216"
    "memorysetup-profiler-editor-allocator-block-size=1048576"
    "memorysetup-temp-allocator-size-main=16777216"
    "memorysetup-job-temp-allocator-block-size=2097152"
    "memorysetup-job-temp-allocator-block-size-background=1048576"
    "memorysetup-job-temp-allocator-reduction-small-platforms=262144"
    "memorysetup-allocator-temp-initial-block-size-main=262144"
    "memorysetup-allocator-temp-initial-block-size-worker=262144"
    "memorysetup-temp-allocator-size-background-worker=32768"
    "memorysetup-temp-allocator-size-job-worker=262144"
    "memorysetup-temp-allocator-size-preload-manager=33554432"
    "memorysetup-temp-allocator-size-nav-mesh-worker=65536"
    "memorysetup-temp-allocator-size-audio-worker=65536"
    "memorysetup-temp-allocator-size-cloud-worker=32768"
    "memorysetup-temp-allocator-size-gi-baking-worker=262144"
    "memorysetup-temp-allocator-size-gi-baking-worker=262144"
    "memorysetup-temp-allocator-size-gi-baking-worker=262144"
    "memorysetup-temp-allocator-size-gi-baking-worker=262144"
    "memorysetup-temp-allocator-size-gi-baking-worker=262144"
    "memorysetup-temp-allocator-size-gfx=262144"
Player connection [33604]  Target information:

Player connection [33604]  * "[IP] 10.213.1.35 [Port] 0 [Flags] 2 [Guid] 2694703073 [EditorId] 2694703073 [Version] 1048832 [Id] WindowsEditor(7,04CF4BA72B7DP) [Debug] 1 [PackageName] WindowsEditor [ProjectName] Editor" 

Player connection [33604] Host joined multi-casting on [225.0.0.222:54997]...
Player connection [33604] Host joined alternative multi-casting on [225.0.0.222:34997]...
JobSystem: Creating JobQueue using job-worker-count value 5
[Physics::Module] Initialized fallback backend.
[Physics::Module] Id: 0xdecafbad
Library Redirect Path: Library/
[Physics::Module] Selected backend.
[Physics::Module] Name: PhysX
[Physics::Module] Id: 0xf2b8ea05
[Physics::Module] SDK Version: 4.1.2
[Physics::Module] Integration Version: 1.0.0
[Physics::Module] Threading Mode: Multi-Threaded
Refreshing native plugins compatible for Editor in 1.90 ms, found 4 plugins.
Preloading 0 native plugins for Editor in 0.00 ms.
Initialize engine version: 6000.0.25f1 (4859ab7b5a49)
[Subsystems] Discovering subsystems at path C:/Program Files/Unity 6000.0.25f1/Editor/Data/Resources/UnitySubsystems
[Subsystems] Discovering subsystems at path C:/Users/levin.shao/Documents/GitHub/Sand-Adventure/2D Roguelike Game/Roguelike/Assets
GfxDevice: creating device client; kGfxThreadingModeNonThreaded
Direct3D:
    Version:  Direct3D 11.0 [level 11.1]
    Renderer: Intel(R) UHD Graphics 770 (ID=0x4690)
    Vendor:   Intel
    VRAM:     8036 MB
    Driver:   30.0.101.1002
Initialize mono
Mono path[0] = 'C:/Program Files/Unity 6000.0.25f1/Editor/Data/Managed'
Mono path[1] = 'C:/Program Files/Unity 6000.0.25f1/Editor/Data/MonoBleedingEdge/lib/mono/unityjit-win32'
Mono config path = 'C:/Program Files/Unity 6000.0.25f1/Editor/Data/MonoBleedingEdge/etc'
Using monoOptions --debugger-agent=transport=dt_socket,embedding=1,server=y,suspend=n,address=127.0.0.1:56068
Begin MonoManager ReloadAssembly
Registering precompiled unity dll's ...
Register platform support module: C:/Program Files/Unity 6000.0.25f1/Editor/Data/PlaybackEngines/WindowsStandaloneSupport/UnityEditor.WindowsStandalone.Extensions.dll
Registered in 0.001657 seconds.
- Loaded All Assemblies, in  0.341 seconds
Native extension for WindowsStandalone target not found
Mono: successfully reloaded assembly
- Finished resetting the current domain, in  0.336 seconds
Domain Reload Profiling: 676ms
	BeginReloadAssembly (129ms)
		ExecutionOrderSort (0ms)
		DisableScriptedObjects (0ms)
		BackupInstance (0ms)
		ReleaseScriptingObjects (0ms)
		CreateAndSetChildDomain (1ms)
	RebuildCommonClasses (28ms)
	RebuildNativeTypeToScriptingClass (15ms)
	initialDomainReloadingComplete (39ms)
	LoadAllAssembliesAndSetupDomain (128ms)
		LoadAssemblies (126ms)
		RebuildTransferFunctionScriptingTraits (0ms)
		AnalyzeDomain (126ms)
			TypeCache.Refresh (124ms)
				TypeCache.ScanAssembly (114ms)
			BuildScriptInfoCaches (0ms)
			ResolveRequiredComponents (0ms)
	FinalizeReload (337ms)
		ReleaseScriptCaches (0ms)
		RebuildScriptCaches (0ms)
		SetupLoadedEditorAssemblies (301ms)
			LogAssemblyErrors (0ms)
			InitializePlatformSupportModulesInManaged (23ms)
			SetLoadedEditorAssemblies (4ms)
			BeforeProcessingInitializeOnLoad (6ms)
			ProcessInitializeOnLoadAttributes (210ms)
			ProcessInitializeOnLoadMethodAttributes (55ms)
			AfterProcessingInitializeOnLoad (2ms)
			EditorAssembliesLoaded (0ms)
		ExecutionOrderSort2 (0ms)
		AwakeInstancesAfterBackupRestoration (0ms)
========================================================================
Worker process is ready to serve import requests
Import Worker Mode flag is 0x00
Begin MonoManager ReloadAssembly
- Loaded All Assemblies, in  1.117 seconds
Refreshing native plugins compatible for Editor in 0.86 ms, found 4 plugins.
Native extension for WindowsStandalone target not found
Mono: successfully reloaded assembly
- Finished resetting the current domain, in  1.040 seconds
Domain Reload Profiling: 2155ms
	BeginReloadAssembly (412ms)
		ExecutionOrderSort (0ms)
		DisableScriptedObjects (4ms)
		BackupInstance (0ms)
		ReleaseScriptingObjects (0ms)
		CreateAndSetChildDomain (33ms)
	RebuildCommonClasses (47ms)
	RebuildNativeTypeToScriptingClass (16ms)
	initialDomainReloadingComplete (42ms)
	LoadAllAssembliesAndSetupDomain (598ms)
		LoadAssemblies (416ms)
		RebuildTransferFunctionScriptingTraits (0ms)
		AnalyzeDomain (306ms)
			TypeCache.Refresh (175ms)
				TypeCache.ScanAssembly (156ms)
			BuildScriptInfoCaches (116ms)
			ResolveRequiredComponents (12ms)
	FinalizeReload (1041ms)
		ReleaseScriptCaches (0ms)
		RebuildScriptCaches (0ms)
		SetupLoadedEditorAssemblies (796ms)
			LogAssemblyErrors (0ms)
			InitializePlatformSupportModulesInManaged (2ms)
			SetLoadedEditorAssemblies (5ms)
			BeforeProcessingInitializeOnLoad (77ms)
			ProcessInitializeOnLoadAttributes (603ms)
			ProcessInitializeOnLoadMethodAttributes (104ms)
			AfterProcessingInitializeOnLoad (5ms)
			EditorAssembliesLoaded (0ms)
		ExecutionOrderSort2 (0ms)
		AwakeInstancesAfterBackupRestoration (7ms)
Launched and connected shader compiler UnityShaderCompiler.exe after 0.01 seconds
Refreshing native plugins compatible for Editor in 1.85 ms, found 4 plugins.
Preloading 0 native plugins for Editor in 0.00 ms.
Unloading 205 Unused Serialized files (Serialized files now loaded: 0)
Unloading 6109 unused Assets / (4.7 MB). Loaded Objects now: 6885.
Memory consumption went from 195.8 MB to 191.1 MB.
Total: 11.605900 ms (FindLiveObjects: 0.727100 ms CreateObjectMapping: 0.753000 ms MarkObjects: 6.880600 ms  DeleteObjects: 3.242300 ms)

========================================================================
Received Import Request.
  Time since last request: 322813.330315 seconds.
  path: Assets/Tiles/Scavengers2_SpriteSheet_35.asset
  artifactKey: Guid(6771366928644a244b0cb61c30441cbb) Importer(2089858483,192608db42251d675da83286b1cce702)
Start importing Assets/Tiles/Scavengers2_SpriteSheet_35.asset using Guid(6771366928644a244b0cb61c30441cbb) Importer(2089858483,192608db42251d675da83286b1cce702) (ScriptedImporter) -> (artifact id: '8be9d906e9d88d4b6a458a235bcc7c09') in 0.2086046 seconds
Number of updated asset objects reloaded before import = 0Number of asset objects unloaded after import = 2

========================================================================
Received Import Request.
  Time since last request: 0.000021 seconds.
  path: Assets/Tiles/Scavengers2_SpriteSheet_19.asset
  artifactKey: Guid(284ac2d559db18c40ac4636cc8fe1e1b) Importer(2089858483,192608db42251d675da83286b1cce702)
Start importing Assets/Tiles/Scavengers2_SpriteSheet_19.asset using Guid(284ac2d559db18c40ac4636cc8fe1e1b) Importer(2089858483,192608db42251d675da83286b1cce702) (ScriptedImporter) -> (artifact id: '9178f9c68e30734355cbc54f9a0fad2e') in 0.016371 seconds
Number of updated asset objects reloaded before import = 0Number of asset objects unloaded after import = 2

========================================================================
Received Import Request.
  Time since last request: 0.000046 seconds.
  path: Assets/Tiles/Scavengers2_SpriteSheet_2.asset
  artifactKey: Guid(3498240bda8e5734a99d43b33b150f02) Importer(2089858483,192608db42251d675da83286b1cce702)
Start importing Assets/Tiles/Scavengers2_SpriteSheet_2.asset using Guid(3498240bda8e5734a99d43b33b150f02) Importer(2089858483,192608db42251d675da83286b1cce702) (ScriptedImporter) -> (artifact id: '216d9155f6d48a679d741572bcd7c601') in 0.0169495 seconds
Number of updated asset objects reloaded before import = 0Number of asset objects unloaded after import = 2

========================================================================
Received Import Request.
  Time since last request: 0.000046 seconds.
  path: Assets/Tiles/Scavengers2_SpriteSheet_13.asset
  artifactKey: Guid(181be3b6e18637e46b129c5b2a93875c) Importer(2089858483,192608db42251d675da83286b1cce702)
Start importing Assets/Tiles/Scavengers2_SpriteSheet_13.asset using Guid(181be3b6e18637e46b129c5b2a93875c) Importer(2089858483,192608db42251d675da83286b1cce702) (ScriptedImporter) -> (artifact id: '326fbe9338b0b37856718b723d01749f') in 0.0166123 seconds
Number of updated asset objects reloaded before import = 0Number of asset objects unloaded after import = 2

========================================================================
Received Import Request.
  Time since last request: 0.000020 seconds.
  path: Assets/Tiles/Assets_SpriteSheet4_2.asset
  artifactKey: Guid(529a0ca93bbcd974b8fb146b1faae644) Importer(2089858483,192608db42251d675da83286b1cce702)
Start importing Assets/Tiles/Assets_SpriteSheet4_2.asset using Guid(529a0ca93bbcd974b8fb146b1faae644) Importer(2089858483,192608db42251d675da83286b1cce702) (ScriptedImporter) -> (artifact id: '75c1a6b7745e106d4472289b44c9a975') in 0.0143808 seconds
Number of updated asset objects reloaded before import = 0Number of asset objects unloaded after import = 2

========================================================================
Received Import Request.
  Time since last request: 0.000051 seconds.
  path: Assets/Tiles/Scavengers2_SpriteSheet_37.asset
  artifactKey: Guid(abcd47fe0f6acf1458c28801b772793b) Importer(2089858483,192608db42251d675da83286b1cce702)
Start importing Assets/Tiles/Scavengers2_SpriteSheet_37.asset using Guid(abcd47fe0f6acf1458c28801b772793b) Importer(2089858483,192608db42251d675da83286b1cce702) (ScriptedImporter) -> (artifact id: 'ba42ed87d9f950d9c18cefdc19bc1183') in 0.0127915 seconds
Number of updated asset objects reloaded before import = 0Number of asset objects unloaded after import = 2

========================================================================
Received Import Request.
  Time since last request: 0.000018 seconds.
  path: Assets/Settings/UniversalRP.asset
  artifactKey: Guid(681886c5eb7344803b6206f758bf0b1c) Importer(2089858483,192608db42251d675da83286b1cce702)
Start importing Assets/Settings/UniversalRP.asset using Guid(681886c5eb7344803b6206f758bf0b1c) Importer(2089858483,192608db42251d675da83286b1cce702) (ScriptedImporter) -> (artifact id: '05480e8a568ff15bee343ad0cc929477') in 0.0535451 seconds
Number of updated asset objects reloaded before import = 0Number of asset objects unloaded after import = 1

========================================================================
Received Import Request.
  Time since last request: 0.000020 seconds.
  path: Assets/Tiles/Assets_SpriteSheet4_5.asset
  artifactKey: Guid(3ad0b8afd2ea7844a8d7743a05aa5b5a) Importer(2089858483,192608db42251d675da83286b1cce702)
Start importing Assets/Tiles/Assets_SpriteSheet4_5.asset using Guid(3ad0b8afd2ea7844a8d7743a05aa5b5a) Importer(2089858483,192608db42251d675da83286b1cce702) (ScriptedImporter) -> (artifact id: '9e75e85d9debe65c0412583a7c780e7a') in 0.0110789 seconds
Number of updated asset objects reloaded before import = 0Number of asset objects unloaded after import = 2

========================================================================
Received Import Request.
  Time since last request: 0.000024 seconds.
  path: Assets/Tiles/Scavengers2_SpriteSheet_17.asset
  artifactKey: Guid(cbf731cf4c5b6be4baf59c8a7e436c8c) Importer(2089858483,192608db42251d675da83286b1cce702)
Start importing Assets/Tiles/Scavengers2_SpriteSheet_17.asset using Guid(cbf731cf4c5b6be4baf59c8a7e436c8c) Importer(2089858483,192608db42251d675da83286b1cce702) (ScriptedImporter) -> (artifact id: 'a2e3c25196cf9b807357e4d7088562cf') in 0.0144897 seconds
Number of updated asset objects reloaded before import = 0Number of asset objects unloaded after import = 2

========================================================================
Received Import Request.
  Time since last request: 0.000021 seconds.
  path: Assets/Tiles/Assets_SpriteSheet4_0.asset
  artifactKey: Guid(b316f968166ac60438540bbd1ae2d42e) Importer(2089858483,192608db42251d675da83286b1cce702)
Start importing Assets/Tiles/Assets_SpriteSheet4_0.asset using Guid(b316f968166ac60438540bbd1ae2d42e) Importer(2089858483,192608db42251d675da83286b1cce702) (ScriptedImporter) -> (artifact id: 'adeb19d68fc7db9e697b5d51e3135631') in 0.0171912 seconds
Number of updated asset objects reloaded before import = 0Number of asset objects unloaded after import = 2

========================================================================
Received Import Request.
  Time since last request: 0.000018 seconds.
  path: Assets/Tiles/Scavengers2_SpriteSheet_21.asset
  artifactKey: Guid(ee37f06a2a94d6443938e2e9545e1b62) Importer(2089858483,192608db42251d675da83286b1cce702)
Start importing Assets/Tiles/Scavengers2_SpriteSheet_21.asset using Guid(ee37f06a2a94d6443938e2e9545e1b62) Importer(2089858483,192608db42251d675da83286b1cce702) (ScriptedImporter) -> (artifact id: 'ddb2d59e311bbea274199b25e5bc5735') in 0.0164396 seconds
Number of updated asset objects reloaded before import = 0Number of asset objects unloaded after import = 2

========================================================================
Received Import Request.
  Time since last request: 0.000020 seconds.
  path: Assets/Audio/soda1.aif
  artifactKey: Guid(f19e8fa9180a5eb4c8d0061d12560324) Importer(2089858483,192608db42251d675da83286b1cce702)
Start importing Assets/Audio/soda1.aif using Guid(f19e8fa9180a5eb4c8d0061d12560324) Importer(2089858483,192608db42251d675da83286b1cce702) (ScriptedImporter) -> (artifact id: '4010c79e2291b4b7bcc65f51ef1fff64') in 0.0502351 seconds
Number of updated asset objects reloaded before import = 0Number of asset objects unloaded after import = 1

========================================================================
Received Import Request.
  Time since last request: 0.000016 seconds.
  path: Assets/Tiles/Scavengers2_SpriteSheet_38.asset
  artifactKey: Guid(9e0b9025cc5f8f440916909c7e8f2c41) Importer(2089858483,192608db42251d675da83286b1cce702)
Start importing Assets/Tiles/Scavengers2_SpriteSheet_38.asset using Guid(9e0b9025cc5f8f440916909c7e8f2c41) Importer(2089858483,192608db42251d675da83286b1cce702) (ScriptedImporter) -> (artifact id: 'ae5163ca013f41eef81a00745e6144a9') in 0.0118348 seconds
Number of updated asset objects reloaded before import = 0Number of asset objects unloaded after import = 2

========================================================================
Received Import Request.
  Time since last request: 0.000039 seconds.
  path: Assets/Sprites/UI/Attack.png
  artifactKey: Guid(98c09658ff912a04eae79b81917db6e2) Importer(2089858483,192608db42251d675da83286b1cce702)
Start importing Assets/Sprites/UI/Attack.png using Guid(98c09658ff912a04eae79b81917db6e2) Importer(2089858483,192608db42251d675da83286b1cce702) (ScriptedImporter) -> (artifact id: 'a959bfa241e070580a3c36817b87a2fb') in 0.0812967 seconds
Number of updated asset objects reloaded before import = 0Number of asset objects unloaded after import = 3

========================================================================
Received Import Request.
  Time since last request: 0.000035 seconds.
  path: Assets/Sprites/UI/Defense.png
  artifactKey: Guid(47baf68848a8d9449a709ee579ee433d) Importer(2089858483,192608db42251d675da83286b1cce702)
Start importing Assets/Sprites/UI/Defense.png using Guid(47baf68848a8d9449a709ee579ee433d) Importer(2089858483,192608db42251d675da83286b1cce702) (ScriptedImporter) -> (artifact id: 'bcf9f7f2fc6659c8e8f8e19348983dde') in 0.0300844 seconds
Number of updated asset objects reloaded before import = 0Number of asset objects unloaded after import = 3

========================================================================
Received Import Request.
  Time since last request: 0.000019 seconds.
  path: Assets/Tiles/Scavengers2_SpriteSheet_7.asset
  artifactKey: Guid(b557d6c6ecb7b7e4fb1656cf687d03e6) Importer(2089858483,192608db42251d675da83286b1cce702)
Start importing Assets/Tiles/Scavengers2_SpriteSheet_7.asset using Guid(b557d6c6ecb7b7e4fb1656cf687d03e6) Importer(2089858483,192608db42251d675da83286b1cce702) (ScriptedImporter) -> (artifact id: '41a5150f68d0c41f42b119f520ef93c6') in 0.0137692 seconds
Number of updated asset objects reloaded before import = 0Number of asset objects unloaded after import = 2

========================================================================
Received Import Request.
  Time since last request: 0.000017 seconds.
  path: Assets/Tiles/Scavengers2_SpriteSheet_16.asset
  artifactKey: Guid(7eb724ce8a6d31d4bbad2aea83912abb) Importer(2089858483,192608db42251d675da83286b1cce702)
Start importing Assets/Tiles/Scavengers2_SpriteSheet_16.asset using Guid(7eb724ce8a6d31d4bbad2aea83912abb) Importer(2089858483,192608db42251d675da83286b1cce702) (ScriptedImporter) -> (artifact id: 'f0f1e0f16e046d8c6432f095607daecf') in 0.019493 seconds
Number of updated asset objects reloaded before import = 0Number of asset objects unloaded after import = 2

========================================================================
Received Import Request.
  Time since last request: 0.000023 seconds.
  path: Assets/Tiles/Scavengers2_SpriteSheet_14.asset
  artifactKey: Guid(fc190b33ca9571342abd8d162253bec6) Importer(2089858483,192608db42251d675da83286b1cce702)
Start importing Assets/Tiles/Scavengers2_SpriteSheet_14.asset using Guid(fc190b33ca9571342abd8d162253bec6) Importer(2089858483,192608db42251d675da83286b1cce702) (ScriptedImporter) -> (artifact id: 'e394016601dfcc2e71eda50778d6c1d1') in 0.0208142 seconds
Number of updated asset objects reloaded before import = 0Number of asset objects unloaded after import = 2

========================================================================
Received Import Request.
  Time since last request: 0.000030 seconds.
  path: Assets/Tiles/Scavengers2_SpriteSheet_8.asset
  artifactKey: Guid(6d1b39ca556053142a873d963984bc7c) Importer(2089858483,192608db42251d675da83286b1cce702)
Start importing Assets/Tiles/Scavengers2_SpriteSheet_8.asset using Guid(6d1b39ca556053142a873d963984bc7c) Importer(2089858483,192608db42251d675da83286b1cce702) (ScriptedImporter) -> (artifact id: '5256b48a7cc8382b1db7ea9584aed09d') in 0.0199009 seconds
Number of updated asset objects reloaded before import = 0Number of asset objects unloaded after import = 2

========================================================================
Received Import Request.
  Time since last request: 0.000032 seconds.
  path: Assets/Tiles/Scavengers2_SpriteSheet_30.asset
  artifactKey: Guid(845c6bc5d0e8b9c4d97a5beac5e325b3) Importer(2089858483,192608db42251d675da83286b1cce702)
Start importing Assets/Tiles/Scavengers2_SpriteSheet_30.asset using Guid(845c6bc5d0e8b9c4d97a5beac5e325b3) Importer(2089858483,192608db42251d675da83286b1cce702) (ScriptedImporter) -> (artifact id: '1b0f0c446285409cf5953e8ad9efe708') in 0.0173494 seconds
Number of updated asset objects reloaded before import = 0Number of asset objects unloaded after import = 2

========================================================================
Received Import Request.
  Time since last request: 0.000095 seconds.
  path: Assets/Tiles/Scavengers2_SpriteSheet_0.asset
  artifactKey: Guid(4f347239fccf53c49ba297afe8f629e5) Importer(2089858483,192608db42251d675da83286b1cce702)
Start importing Assets/Tiles/Scavengers2_SpriteSheet_0.asset using Guid(4f347239fccf53c49ba297afe8f629e5) Importer(2089858483,192608db42251d675da83286b1cce702) (ScriptedImporter) -> (artifact id: '263250e21549d0765ef8d6c1f5169d73') in 0.0185901 seconds
Number of updated asset objects reloaded before import = 0Number of asset objects unloaded after import = 2

========================================================================
Received Import Request.
  Time since last request: 0.000026 seconds.
  path: Assets/Tiles/Scavengers2_SpriteSheet_23.asset
  artifactKey: Guid(f41ffa15a3d207247b25a5af868dbc41) Importer(2089858483,192608db42251d675da83286b1cce702)
Start importing Assets/Tiles/Scavengers2_SpriteSheet_23.asset using Guid(f41ffa15a3d207247b25a5af868dbc41) Importer(2089858483,192608db42251d675da83286b1cce702) (ScriptedImporter) -> (artifact id: '6ad1532f553c4e53ac2c5bfb7c57ec4e') in 0.0197275 seconds
Number of updated asset objects reloaded before import = 0Number of asset objects unloaded after import = 2

========================================================================
Received Import Request.
  Time since last request: 0.000025 seconds.
  path: Assets/Audio/footstep1.aif
  artifactKey: Guid(64e8ec2dd0eb99c4f987657e92ceddae) Importer(2089858483,192608db42251d675da83286b1cce702)
Start importing Assets/Audio/footstep1.aif using Guid(64e8ec2dd0eb99c4f987657e92ceddae) Importer(2089858483,192608db42251d675da83286b1cce702) (ScriptedImporter) -> (artifact id: 'b35ae9f725aaed9354f08069633108b4') in 0.0477379 seconds
Number of updated asset objects reloaded before import = 0Number of asset objects unloaded after import = 1

========================================================================
Received Import Request.
  Time since last request: 0.000020 seconds.
  path: Assets/Audio/chop2.aif
  artifactKey: Guid(44062608bd37e3f47945c0142925580b) Importer(2089858483,192608db42251d675da83286b1cce702)
Start importing Assets/Audio/chop2.aif using Guid(44062608bd37e3f47945c0142925580b) Importer(2089858483,192608db42251d675da83286b1cce702) (ScriptedImporter) -> (artifact id: '8ebad29a95ca4d3dbae97829de5af2ff') in 0.0536941 seconds
Number of updated asset objects reloaded before import = 0Number of asset objects unloaded after import = 1

========================================================================
Received Import Request.
  Time since last request: 0.000060 seconds.
  path: Assets/Tiles/Scavengers2_SpriteSheet_5.asset
  artifactKey: Guid(bd84f1a21f6ab5947b5cce3a6c52c857) Importer(2089858483,192608db42251d675da83286b1cce702)
Start importing Assets/Tiles/Scavengers2_SpriteSheet_5.asset using Guid(bd84f1a21f6ab5947b5cce3a6c52c857) Importer(2089858483,192608db42251d675da83286b1cce702) (ScriptedImporter) -> (artifact id: 'af7ff77d771689cf4929eb79f5e6b5fd') in 0.0191663 seconds
Number of updated asset objects reloaded before import = 0Number of asset objects unloaded after import = 2

========================================================================
Received Import Request.
  Time since last request: 0.000023 seconds.
  path: Assets/Tiles/Assets_SpriteSheet4_1.asset
  artifactKey: Guid(0378df385156e2c4fbd1c823401320ac) Importer(2089858483,192608db42251d675da83286b1cce702)
Start importing Assets/Tiles/Assets_SpriteSheet4_1.asset using Guid(0378df385156e2c4fbd1c823401320ac) Importer(2089858483,192608db42251d675da83286b1cce702) (ScriptedImporter) -> (artifact id: '33b50e5947eb6f5d18915e3efce1028e') in 0.0180088 seconds
Number of updated asset objects reloaded before import = 0Number of asset objects unloaded after import = 2

========================================================================
Received Import Request.
  Time since last request: 0.000015 seconds.
  path: Assets/Tiles/Scavengers2_SpriteSheet_6.asset
  artifactKey: Guid(52101e235a07cdb44a6789e2b013bd62) Importer(2089858483,192608db42251d675da83286b1cce702)
Start importing Assets/Tiles/Scavengers2_SpriteSheet_6.asset using Guid(52101e235a07cdb44a6789e2b013bd62) Importer(2089858483,192608db42251d675da83286b1cce702) (ScriptedImporter) -> (artifact id: 'a9bb8284f694171b8f14bcf248557478') in 0.0191036 seconds
Number of updated asset objects reloaded before import = 0Number of asset objects unloaded after import = 2

========================================================================
Received Import Request.
  Time since last request: 0.000038 seconds.
  path: Assets/Environment/UniversalRenderPipelineGlobalSettings.asset
  artifactKey: Guid(93b439a37f63240aca3dd4e01d978a9f) Importer(2089858483,192608db42251d675da83286b1cce702)
Start importing Assets/Environment/UniversalRenderPipelineGlobalSettings.asset using Guid(93b439a37f63240aca3dd4e01d978a9f) Importer(2089858483,192608db42251d675da83286b1cce702) (ScriptedImporter) -> (artifact id: 'cd8d8a47bada81a597d35e6a6d47e496') in 0.0803364 seconds
Number of updated asset objects reloaded before import = 0Number of asset objects unloaded after import = 0

========================================================================
Received Import Request.
  Time since last request: 0.000017 seconds.
  path: Assets/Tiles/Scavengers2_SpriteSheet_52.asset
  artifactKey: Guid(e16994a2d49808142a090a5fee55e221) Importer(2089858483,192608db42251d675da83286b1cce702)
Start importing Assets/Tiles/Scavengers2_SpriteSheet_52.asset using Guid(e16994a2d49808142a090a5fee55e221) Importer(2089858483,192608db42251d675da83286b1cce702) (ScriptedImporter) -> (artifact id: '2d35035932025ff63cf8d7db7b6ff413') in 0.0137247 seconds
Number of updated asset objects reloaded before import = 0Number of asset objects unloaded after import = 2

========================================================================
Received Import Request.
  Time since last request: 0.000026 seconds.
  path: Assets/Audio/music.aif
  artifactKey: Guid(6b28cec73adbd8f408f90f9c45e1e8af) Importer(2089858483,192608db42251d675da83286b1cce702)
Start importing Assets/Audio/music.aif using Guid(6b28cec73adbd8f408f90f9c45e1e8af) Importer(2089858483,192608db42251d675da83286b1cce702) (ScriptedImporter) -> (artifact id: '75e684ac0a3ea44821b3f346c19fdf53') in 0.063945 seconds
Number of updated asset objects reloaded before import = 0Number of asset objects unloaded after import = 1

Editor requested this worker to shutdown with reason: Scaling down because of idle timeout
AssetImportWorker is now disconnected from the server
Process exiting
Exiting without the bug reporter. Application will terminate with return code 0