Using pre-set license
Built from '6000.0/release' branch; Version is '6000.0.25f1 (4859ab7b5a49) revision 4741547'; Using compiler version '193933523'; Build Type 'Release'
OS: 'Windows 11  (10.0.22631) 64bit Education' Language: 'en' Physical Memory: 16072 MB
BatchMode: 1, IsHumanControllingUs: 0, StartBugReporterOnCrash: 0, Is64bit: 1, IsPro: 1

COMMAND LINE ARGUMENTS:
C:\Program Files\Unity 6000.0.25f1\Editor\Unity.exe
-adb2
-batchMode
-noUpm
-name
AssetImportWorker0
-projectPath
C:/Users/levin.shao/Documents/GitHub/Game/2D Roguelike Game/Roguelike
-logFile
Logs/AssetImportWorker0.log
-srvPort
50706
-job-worker-count
5
-background-job-worker-count
8
-asset-garbage-collectors
1
Successfully changed project path to: C:/Users/levin.shao/Documents/GitHub/Game/2D Roguelike Game/Roguelike
C:/Users/levin.shao/Documents/GitHub/Game/2D Roguelike Game/Roguelike
[UnityMemory] Configuration Parameters - Can be set up in boot.config
    "memorysetup-bucket-allocator-granularity=16"
    "memorysetup-bucket-allocator-bucket-count=8"
    "memorysetup-bucket-allocator-block-size=33554432"
    "memorysetup-bucket-allocator-block-count=8"
    "memorysetup-main-allocator-block-size=16777216"
    "memorysetup-thread-allocator-block-size=16777216"
    "memorysetup-gfx-main-allocator-block-size=16777216"
    "memorysetup-gfx-thread-allocator-block-size=16777216"
    "memorysetup-cache-allocator-block-size=4194304"
    "memorysetup-typetree-allocator-block-size=2097152"
    "memorysetup-profiler-bucket-allocator-granularity=16"
    "memorysetup-profiler-bucket-allocator-bucket-count=8"
    "memorysetup-profiler-bucket-allocator-block-size=33554432"
    "memorysetup-profiler-bucket-allocator-block-count=8"
    "memorysetup-profiler-allocator-block-size=16777216"
    "memorysetup-profiler-editor-allocator-block-size=1048576"
    "memorysetup-temp-allocator-size-main=16777216"
    "memorysetup-job-temp-allocator-block-size=2097152"
    "memorysetup-job-temp-allocator-block-size-background=1048576"
    "memorysetup-job-temp-allocator-reduction-small-platforms=262144"
    "memorysetup-allocator-temp-initial-block-size-main=262144"
    "memorysetup-allocator-temp-initial-block-size-worker=262144"
    "memorysetup-temp-allocator-size-background-worker=32768"
    "memorysetup-temp-allocator-size-job-worker=262144"
    "memorysetup-temp-allocator-size-preload-manager=33554432"
    "memorysetup-temp-allocator-size-nav-mesh-worker=65536"
    "memorysetup-temp-allocator-size-audio-worker=65536"
    "memorysetup-temp-allocator-size-cloud-worker=32768"
    "memorysetup-temp-allocator-size-gi-baking-worker=262144"
    "memorysetup-temp-allocator-size-gi-baking-worker=262144"
    "memorysetup-temp-allocator-size-gi-baking-worker=262144"
    "memorysetup-temp-allocator-size-gi-baking-worker=262144"
    "memorysetup-temp-allocator-size-gi-baking-worker=262144"
    "memorysetup-temp-allocator-size-gfx=262144"
Player connection [16304]  Target information:

Player connection [16304]  * "[IP] 10.213.1.35 [Port] 0 [Flags] 2 [Guid] 1554819419 [EditorId] 1554819419 [Version] 1048832 [Id] WindowsEditor(7,04CF4BA72B7DP) [Debug] 1 [PackageName] WindowsEditor [ProjectName] Editor" 

Player connection [16304] Host joined multi-casting on [225.0.0.222:54997]...
Player connection [16304] Host joined alternative multi-casting on [225.0.0.222:34997]...
JobSystem: Creating JobQueue using job-worker-count value 5
[Physics::Module] Initialized fallback backend.
[Physics::Module] Id: 0xdecafbad
Library Redirect Path: Library/
[Physics::Module] Selected backend.
[Physics::Module] Name: PhysX
[Physics::Module] Id: 0xf2b8ea05
[Physics::Module] SDK Version: 4.1.2
[Physics::Module] Integration Version: 1.0.0
[Physics::Module] Threading Mode: Multi-Threaded
Refreshing native plugins compatible for Editor in 2.41 ms, found 4 plugins.
Preloading 0 native plugins for Editor in 0.00 ms.
Initialize engine version: 6000.0.25f1 (4859ab7b5a49)
[Subsystems] Discovering subsystems at path C:/Program Files/Unity 6000.0.25f1/Editor/Data/Resources/UnitySubsystems
[Subsystems] Discovering subsystems at path C:/Users/levin.shao/Documents/GitHub/Game/2D Roguelike Game/Roguelike/Assets
GfxDevice: creating device client; kGfxThreadingModeNonThreaded
Direct3D:
    Version:  Direct3D 11.0 [level 11.1]
    Renderer: Intel(R) UHD Graphics 770 (ID=0x4690)
    Vendor:   Intel
    VRAM:     8036 MB
    Driver:   30.0.101.1002
Initialize mono
Mono path[0] = 'C:/Program Files/Unity 6000.0.25f1/Editor/Data/Managed'
Mono path[1] = 'C:/Program Files/Unity 6000.0.25f1/Editor/Data/MonoBleedingEdge/lib/mono/unityjit-win32'
Mono config path = 'C:/Program Files/Unity 6000.0.25f1/Editor/Data/MonoBleedingEdge/etc'
Using monoOptions --debugger-agent=transport=dt_socket,embedding=1,server=y,suspend=n,address=127.0.0.1:56320
Begin MonoManager ReloadAssembly
Registering precompiled unity dll's ...
Register platform support module: C:/Program Files/Unity 6000.0.25f1/Editor/Data/PlaybackEngines/WindowsStandaloneSupport/UnityEditor.WindowsStandalone.Extensions.dll
Registered in 0.003459 seconds.
- Loaded All Assemblies, in  0.354 seconds
Native extension for WindowsStandalone target not found
Mono: successfully reloaded assembly
- Finished resetting the current domain, in  0.270 seconds
Domain Reload Profiling: 623ms
	BeginReloadAssembly (120ms)
		ExecutionOrderSort (0ms)
		DisableScriptedObjects (0ms)
		BackupInstance (0ms)
		ReleaseScriptingObjects (0ms)
		CreateAndSetChildDomain (1ms)
	RebuildCommonClasses (31ms)
	RebuildNativeTypeToScriptingClass (11ms)
	initialDomainReloadingComplete (46ms)
	LoadAllAssembliesAndSetupDomain (145ms)
		LoadAssemblies (118ms)
		RebuildTransferFunctionScriptingTraits (0ms)
		AnalyzeDomain (142ms)
			TypeCache.Refresh (140ms)
				TypeCache.ScanAssembly (129ms)
			BuildScriptInfoCaches (0ms)
			ResolveRequiredComponents (0ms)
	FinalizeReload (271ms)
		ReleaseScriptCaches (0ms)
		RebuildScriptCaches (0ms)
		SetupLoadedEditorAssemblies (235ms)
			LogAssemblyErrors (0ms)
			InitializePlatformSupportModulesInManaged (20ms)
			SetLoadedEditorAssemblies (4ms)
			BeforeProcessingInitializeOnLoad (5ms)
			ProcessInitializeOnLoadAttributes (156ms)
			ProcessInitializeOnLoadMethodAttributes (48ms)
			AfterProcessingInitializeOnLoad (2ms)
			EditorAssembliesLoaded (0ms)
		ExecutionOrderSort2 (0ms)
		AwakeInstancesAfterBackupRestoration (0ms)
========================================================================
Worker process is ready to serve import requests
Import Worker Mode flag is 0x00
Begin MonoManager ReloadAssembly
- Loaded All Assemblies, in  0.898 seconds
Refreshing native plugins compatible for Editor in 0.95 ms, found 4 plugins.
Native extension for WindowsStandalone target not found
The project currently uses the compatibility mode where the Render Graph API is disabled. Support for this mode will be removed in future Unity versions. Migrate existing ScriptableRenderPasses to the new RenderGraph API. After the migration, disable the compatibility mode in Edit > Projects Settings > Graphics > Render Graph.
UnityEngine.Debug:ExtractStackTraceNoAlloc (byte*,int,string)
UnityEngine.StackTraceUtility:ExtractStackTrace ()
UnityEngine.DebugLogHandler:Internal_Log (UnityEngine.LogType,UnityEngine.LogOption,string,UnityEngine.Object)
UnityEngine.DebugLogHandler:LogFormat (UnityEngine.LogType,UnityEngine.Object,string,object[])
UnityEngine.Logger:Log (UnityEngine.LogType,object)
UnityEngine.Debug:LogWarning (object)
UnityEngine.Rendering.Universal.WarnUsingNonRenderGraph:EmitConsoleWarning () (at ./Library/PackageCache/com.unity.render-pipelines.universal/Runtime/Data/UniversalRenderPipelineAsset.cs:427)
System.Reflection.RuntimeMethodInfo:Invoke (object,System.Reflection.BindingFlags,System.Reflection.Binder,object[],System.Globalization.CultureInfo)
System.Reflection.MethodBase:Invoke (object,object[])
UnityEditor.EditorAssemblies:ProcessInitializeOnLoadMethodAttributes ()

(Filename: ./Library/PackageCache/com.unity.render-pipelines.universal/Runtime/Data/UniversalRenderPipelineAsset.cs Line: 427)

Mono: successfully reloaded assembly
- Finished resetting the current domain, in  0.816 seconds
Domain Reload Profiling: 1712ms
	BeginReloadAssembly (338ms)
		ExecutionOrderSort (0ms)
		DisableScriptedObjects (5ms)
		BackupInstance (0ms)
		ReleaseScriptingObjects (0ms)
		CreateAndSetChildDomain (24ms)
	RebuildCommonClasses (32ms)
	RebuildNativeTypeToScriptingClass (10ms)
	initialDomainReloadingComplete (35ms)
	LoadAllAssembliesAndSetupDomain (481ms)
		LoadAssemblies (353ms)
		RebuildTransferFunctionScriptingTraits (0ms)
		AnalyzeDomain (230ms)
			TypeCache.Refresh (151ms)
				TypeCache.ScanAssembly (136ms)
			BuildScriptInfoCaches (69ms)
			ResolveRequiredComponents (8ms)
	FinalizeReload (817ms)
		ReleaseScriptCaches (0ms)
		RebuildScriptCaches (0ms)
		SetupLoadedEditorAssemblies (626ms)
			LogAssemblyErrors (0ms)
			InitializePlatformSupportModulesInManaged (2ms)
			SetLoadedEditorAssemblies (4ms)
			BeforeProcessingInitializeOnLoad (56ms)
			ProcessInitializeOnLoadAttributes (475ms)
			ProcessInitializeOnLoadMethodAttributes (83ms)
			AfterProcessingInitializeOnLoad (5ms)
			EditorAssembliesLoaded (0ms)
		ExecutionOrderSort2 (0ms)
		AwakeInstancesAfterBackupRestoration (5ms)
Launched and connected shader compiler UnityShaderCompiler.exe after 0.01 seconds
Refreshing native plugins compatible for Editor in 0.98 ms, found 4 plugins.
Preloading 0 native plugins for Editor in 0.00 ms.
Unloading 205 Unused Serialized files (Serialized files now loaded: 0)
Unloading 6107 unused Assets / (4.4 MB). Loaded Objects now: 6864.
Memory consumption went from 195.4 MB to 191.0 MB.
Total: 8.207700 ms (FindLiveObjects: 1.207300 ms CreateObjectMapping: 0.439500 ms MarkObjects: 4.653000 ms  DeleteObjects: 1.904700 ms)

========================================================================
Received Import Request.
  Time since last request: 89284.659725 seconds.
  path: Assets/Roguelike2D/Assets/Sprites/SandTheme.png
  artifactKey: Guid(2315cc0495cb2054ea5dd392c1cff51e) Importer(815301076,1909f56bfc062723c751e8b465ee728b)
Start importing Assets/Roguelike2D/Assets/Sprites/SandTheme.png using Guid(2315cc0495cb2054ea5dd392c1cff51e) Importer(815301076,1909f56bfc062723c751e8b465ee728b) (PreviewImporter) -> (artifact id: '18df8d43102cf2cfa315803a4e211486') in 0.1761212 seconds
Number of updated asset objects reloaded before import = 9Number of asset objects unloaded after import = 58

========================================================================
Received Import Request.
  Time since last request: 0.000044 seconds.
  path: Assets/Roguelike2D/Assets/Sprites/UrbanTheme2.png
  artifactKey: Guid(bf28ec10b7863594a841829ceb9f7d14) Importer(815301076,1909f56bfc062723c751e8b465ee728b)
Start importing Assets/Roguelike2D/Assets/Sprites/UrbanTheme2.png using Guid(bf28ec10b7863594a841829ceb9f7d14) Importer(815301076,1909f56bfc062723c751e8b465ee728b) (PreviewImporter) -> (artifact id: 'f5de5f3bf4b32064b2b4ec18f220d4d4') in 0.0318986 seconds
Number of updated asset objects reloaded before import = 0Number of asset objects unloaded after import = 10

========================================================================
Received Import Request.
  Time since last request: 0.000031 seconds.
  path: Assets/Roguelike2D/Assets/Sprites/SnowTheme2.png
  artifactKey: Guid(3678b32267ada854fb1cb398e21843c9) Importer(815301076,1909f56bfc062723c751e8b465ee728b)
Start importing Assets/Roguelike2D/Assets/Sprites/SnowTheme2.png using Guid(3678b32267ada854fb1cb398e21843c9) Importer(815301076,1909f56bfc062723c751e8b465ee728b) (PreviewImporter) -> (artifact id: '28977e2a1734bf03885d2506215130e3') in 0.0464424 seconds
Number of updated asset objects reloaded before import = 0Number of asset objects unloaded after import = 16

========================================================================
Received Import Request.
  Time since last request: 1.980129 seconds.
  path: Assets/Roguelike2D/Assets/Fonts/PressStart2P-Regular.ttf
  artifactKey: Guid(b284a6525342f44599e9ce79e37c2d61) Importer(815301076,1909f56bfc062723c751e8b465ee728b)
Start importing Assets/Roguelike2D/Assets/Fonts/PressStart2P-Regular.ttf using Guid(b284a6525342f44599e9ce79e37c2d61) Importer(815301076,1909f56bfc062723c751e8b465ee728b) (PreviewImporter) -> (artifact id: '3e8449a45271498dbb83704b195a136f') in 0.3577544 seconds
Number of updated asset objects reloaded before import = 0Number of asset objects unloaded after import = 5

========================================================================
Received Import Request.
  Time since last request: 1.583908 seconds.
  path: Assets/Roguelike2D/Assets/Audio/chop2.aif
  artifactKey: Guid(f6aaac83be9e0493493aace800b76619) Importer(815301076,1909f56bfc062723c751e8b465ee728b)
Start importing Assets/Roguelike2D/Assets/Audio/chop2.aif using Guid(f6aaac83be9e0493493aace800b76619) Importer(815301076,1909f56bfc062723c751e8b465ee728b) (PreviewImporter) -> (artifact id: '414c70e054e8a9eaee843a185a602c81') in 0.0366143 seconds
Number of updated asset objects reloaded before import = 0Number of asset objects unloaded after import = 2

========================================================================
Received Import Request.
  Time since last request: 0.000048 seconds.
  path: Assets/Roguelike2D/Assets/Audio/fruit2.aif
  artifactKey: Guid(062161c1897a54088a5430f8c197e1b8) Importer(815301076,1909f56bfc062723c751e8b465ee728b)
Start importing Assets/Roguelike2D/Assets/Audio/fruit2.aif using Guid(062161c1897a54088a5430f8c197e1b8) Importer(815301076,1909f56bfc062723c751e8b465ee728b) (PreviewImporter) -> (artifact id: '1a9a44ae5c9bb9fc6a6ee02803269f4e') in 0.0239584 seconds
Number of updated asset objects reloaded before import = 0Number of asset objects unloaded after import = 2

========================================================================
Received Import Request.
  Time since last request: 0.000038 seconds.
  path: Assets/Roguelike2D/Assets/Audio/footstep1.aif
  artifactKey: Guid(892962212a4b74d1c9f578a3b6ea6439) Importer(815301076,1909f56bfc062723c751e8b465ee728b)
Start importing Assets/Roguelike2D/Assets/Audio/footstep1.aif using Guid(892962212a4b74d1c9f578a3b6ea6439) Importer(815301076,1909f56bfc062723c751e8b465ee728b) (PreviewImporter) -> (artifact id: '17cb231f997e958ca44fbef1f0e8280f') in 0.0182404 seconds
Number of updated asset objects reloaded before import = 0Number of asset objects unloaded after import = 2

========================================================================
Received Import Request.
  Time since last request: 0.000053 seconds.
  path: Assets/Roguelike2D/Assets/Audio/soda1.aif
  artifactKey: Guid(b6b608537288246c9a464915db27bf52) Importer(815301076,1909f56bfc062723c751e8b465ee728b)
Start importing Assets/Roguelike2D/Assets/Audio/soda1.aif using Guid(b6b608537288246c9a464915db27bf52) Importer(815301076,1909f56bfc062723c751e8b465ee728b) (PreviewImporter) -> (artifact id: 'ea3f414c4eb1241a391b868ebf41923d') in 0.0273632 seconds
Number of updated asset objects reloaded before import = 0Number of asset objects unloaded after import = 2

========================================================================
Received Import Request.
  Time since last request: 0.000104 seconds.
  path: Assets/Roguelike2D/Assets/Audio/fruit1.aif
  artifactKey: Guid(1cb61f83d60374c7389bb547431919e3) Importer(815301076,1909f56bfc062723c751e8b465ee728b)
Start importing Assets/Roguelike2D/Assets/Audio/fruit1.aif using Guid(1cb61f83d60374c7389bb547431919e3) Importer(815301076,1909f56bfc062723c751e8b465ee728b) (PreviewImporter) -> (artifact id: '49b0edf9172deb6e55e5e3bc2b574762') in 0.0224245 seconds
Number of updated asset objects reloaded before import = 0Number of asset objects unloaded after import = 2

========================================================================
Received Import Request.
  Time since last request: 942.062784 seconds.
  path: Assets/Game Assets/Audio/chop1.aif
  artifactKey: Guid(af620800d92f2814dab92b9bb850bc9b) Importer(815301076,1909f56bfc062723c751e8b465ee728b)
Start importing Assets/Game Assets/Audio/chop1.aif using Guid(af620800d92f2814dab92b9bb850bc9b) Importer(815301076,1909f56bfc062723c751e8b465ee728b) (PreviewImporter) -> (artifact id: '3aef5ddd118bc2dfd74ae0fe192e10dd') in 0.0155572 seconds
Number of updated asset objects reloaded before import = 0Number of asset objects unloaded after import = 2

========================================================================
Received Import Request.
  Time since last request: 0.000055 seconds.
  path: Assets/Game Assets/Audio/enemy2.aif
  artifactKey: Guid(4af828eec96aed0408ed2b212712ed9f) Importer(815301076,1909f56bfc062723c751e8b465ee728b)
Start importing Assets/Game Assets/Audio/enemy2.aif using Guid(4af828eec96aed0408ed2b212712ed9f) Importer(815301076,1909f56bfc062723c751e8b465ee728b) (PreviewImporter) -> (artifact id: 'd77b0887bb6f6eb1fc2f23d0adb176bb') in 0.0157211 seconds
Number of updated asset objects reloaded before import = 0Number of asset objects unloaded after import = 2

========================================================================
Received Import Request.
  Time since last request: 0.000029 seconds.
  path: Assets/Game Assets/Audio/footstep1.aif
  artifactKey: Guid(49fd595ea01452f4abbf589b088f98d1) Importer(815301076,1909f56bfc062723c751e8b465ee728b)
Start importing Assets/Game Assets/Audio/footstep1.aif using Guid(49fd595ea01452f4abbf589b088f98d1) Importer(815301076,1909f56bfc062723c751e8b465ee728b) (PreviewImporter) -> (artifact id: '477e77da6eb9b747eb183e2a7aa88395') in 0.0123261 seconds
Number of updated asset objects reloaded before import = 0Number of asset objects unloaded after import = 2

========================================================================
Received Import Request.
  Time since last request: 0.000033 seconds.
  path: Assets/Game Assets/Audio/enemy1.aif
  artifactKey: Guid(0fc099f5acf752e45b097b0aef8aa813) Importer(815301076,1909f56bfc062723c751e8b465ee728b)
Start importing Assets/Game Assets/Audio/enemy1.aif using Guid(0fc099f5acf752e45b097b0aef8aa813) Importer(815301076,1909f56bfc062723c751e8b465ee728b) (PreviewImporter) -> (artifact id: 'b77ff754cf55050dc0ae38251309caeb') in 0.0068471 seconds
Number of updated asset objects reloaded before import = 0Number of asset objects unloaded after import = 2

========================================================================
Received Import Request.
  Time since last request: 0.000028 seconds.
  path: Assets/Game Assets/Audio/footstep2.aif
  artifactKey: Guid(b1fb3dada1040bf4f96e19b823794f06) Importer(815301076,1909f56bfc062723c751e8b465ee728b)
Start importing Assets/Game Assets/Audio/footstep2.aif using Guid(b1fb3dada1040bf4f96e19b823794f06) Importer(815301076,1909f56bfc062723c751e8b465ee728b) (PreviewImporter) -> (artifact id: 'f7d5256956e81546aaa3915f29150066') in 0.0115023 seconds
Number of updated asset objects reloaded before import = 0Number of asset objects unloaded after import = 2

========================================================================
Received Import Request.
  Time since last request: 0.000039 seconds.
  path: Assets/Game Assets/Audio/down.aif
  artifactKey: Guid(b54b7481b0357f141991db6cea34a444) Importer(815301076,1909f56bfc062723c751e8b465ee728b)
Start importing Assets/Game Assets/Audio/down.aif using Guid(b54b7481b0357f141991db6cea34a444) Importer(815301076,1909f56bfc062723c751e8b465ee728b) (PreviewImporter) -> (artifact id: '11a0e81a90bb4822aada654e839d437e') in 0.0117244 seconds
Number of updated asset objects reloaded before import = 0Number of asset objects unloaded after import = 2

========================================================================
Received Import Request.
  Time since last request: 7.324248 seconds.
  path: Assets/Audio/chop1.aif
  artifactKey: Guid(1548af72a9bac88468972d8cd0072cf3) Importer(815301076,1909f56bfc062723c751e8b465ee728b)
Start importing Assets/Audio/chop1.aif using Guid(1548af72a9bac88468972d8cd0072cf3) Importer(815301076,1909f56bfc062723c751e8b465ee728b) (PreviewImporter) -> (artifact id: '6aa22206da2e9a240ea25868804d2e56') in 0.0088877 seconds
Number of updated asset objects reloaded before import = 0Number of asset objects unloaded after import = 2

========================================================================
Received Import Request.
  Time since last request: 0.000073 seconds.
  path: Assets/Audio/footstep1.aif
  artifactKey: Guid(64e8ec2dd0eb99c4f987657e92ceddae) Importer(815301076,1909f56bfc062723c751e8b465ee728b)
Start importing Assets/Audio/footstep1.aif using Guid(64e8ec2dd0eb99c4f987657e92ceddae) Importer(815301076,1909f56bfc062723c751e8b465ee728b) (PreviewImporter) -> (artifact id: 'ce0cb4b291fdd8c174e3b136af5de330') in 0.0059942 seconds
Number of updated asset objects reloaded before import = 0Number of asset objects unloaded after import = 2

========================================================================
Received Import Request.
  Time since last request: 0.000036 seconds.
  path: Assets/Audio/footstep2.aif
  artifactKey: Guid(4aeebf038aa255f4fa389ab284571272) Importer(815301076,1909f56bfc062723c751e8b465ee728b)
Start importing Assets/Audio/footstep2.aif using Guid(4aeebf038aa255f4fa389ab284571272) Importer(815301076,1909f56bfc062723c751e8b465ee728b) (PreviewImporter) -> (artifact id: 'c5d3d553feef9ae5ae792640d9c53127') in 0.008944 seconds
Number of updated asset objects reloaded before import = 0Number of asset objects unloaded after import = 2

========================================================================
Received Import Request.
  Time since last request: 0.000040 seconds.
  path: Assets/Audio/soda1.aif
  artifactKey: Guid(f19e8fa9180a5eb4c8d0061d12560324) Importer(815301076,1909f56bfc062723c751e8b465ee728b)
Start importing Assets/Audio/soda1.aif using Guid(f19e8fa9180a5eb4c8d0061d12560324) Importer(815301076,1909f56bfc062723c751e8b465ee728b) (PreviewImporter) -> (artifact id: '9162c6c542af4b8ef4ecb92cd59b0573') in 0.011046 seconds
Number of updated asset objects reloaded before import = 0Number of asset objects unloaded after import = 2

========================================================================
Received Import Request.
  Time since last request: 0.000041 seconds.
  path: Assets/Audio/soda2.aif
  artifactKey: Guid(2e8755e2ad3f4c04a8d43f183a58de7b) Importer(815301076,1909f56bfc062723c751e8b465ee728b)
Start importing Assets/Audio/soda2.aif using Guid(2e8755e2ad3f4c04a8d43f183a58de7b) Importer(815301076,1909f56bfc062723c751e8b465ee728b) (PreviewImporter) -> (artifact id: '0afbee8d562f87a190d968e3d60e187f') in 0.0068658 seconds
Number of updated asset objects reloaded before import = 0Number of asset objects unloaded after import = 2

========================================================================
Received Import Request.
  Time since last request: 1.333158 seconds.
  path: Assets/Fonts/PressStart2P-Regular.ttf
  artifactKey: Guid(e08692e049a58fa4fa230db022da814a) Importer(815301076,1909f56bfc062723c751e8b465ee728b)
Start importing Assets/Fonts/PressStart2P-Regular.ttf using Guid(e08692e049a58fa4fa230db022da814a) Importer(815301076,1909f56bfc062723c751e8b465ee728b) (PreviewImporter) -> (artifact id: '070341db237b0bbe76b2587e6864a72f') in 0.0166575 seconds
Number of updated asset objects reloaded before import = 0Number of asset objects unloaded after import = 4

========================================================================
Received Import Request.
  Time since last request: 17.372640 seconds.
  path: Assets/Sprites/SnowTheme.png
  artifactKey: Guid(c5b1ae75e469a704c91d7668cadcadb5) Importer(815301076,1909f56bfc062723c751e8b465ee728b)
Start importing Assets/Sprites/SnowTheme.png using Guid(c5b1ae75e469a704c91d7668cadcadb5) Importer(815301076,1909f56bfc062723c751e8b465ee728b) (PreviewImporter) -> (artifact id: '12492b479dbce8631b11f76037137c31') in 0.0921388 seconds
Number of updated asset objects reloaded before import = 0Number of asset objects unloaded after import = 44

========================================================================
Received Import Request.
  Time since last request: 10.155382 seconds.
  path: Assets/DefaultVolumeProfile.asset
  artifactKey: Guid(6690505f0a41a104fbbcd8b4d44d2026) Importer(815301076,1909f56bfc062723c751e8b465ee728b)
Start importing Assets/DefaultVolumeProfile.asset using Guid(6690505f0a41a104fbbcd8b4d44d2026) Importer(815301076,1909f56bfc062723c751e8b465ee728b) (PreviewImporter) -> (artifact id: 'f2ea44a854222649d2b031726ea31da3') in 0.0009049 seconds
Number of updated asset objects reloaded before import = 1Number of asset objects unloaded after import = 0

========================================================================
Received Import Request.
  Time since last request: 330.338702 seconds.
  path: Assets/Tiles/Rectangular Palette.prefab
  artifactKey: Guid(cd8539deb7cf1f4419e54dcfade34c56) Importer(815301076,1909f56bfc062723c751e8b465ee728b)
Start importing Assets/Tiles/Rectangular Palette.prefab using Guid(cd8539deb7cf1f4419e54dcfade34c56) Importer(815301076,1909f56bfc062723c751e8b465ee728b) (PreviewImporter) -> (artifact id: 'a16e3be4315ab1307b4d09d113cf63a6') in 0.0304854 seconds
Number of updated asset objects reloaded before import = 0Number of asset objects unloaded after import = 10

========================================================================
Received Import Request.
  Time since last request: 14.405190 seconds.
  path: Assets/Tiles/GamePalette.prefab
  artifactKey: Guid(cd8539deb7cf1f4419e54dcfade34c56) Importer(815301076,1909f56bfc062723c751e8b465ee728b)
Start importing Assets/Tiles/GamePalette.prefab using Guid(cd8539deb7cf1f4419e54dcfade34c56) Importer(815301076,1909f56bfc062723c751e8b465ee728b) (PreviewImporter) -> (artifact id: 'db3167e5ab55fe66477c437438b7c579') in 0.0085931 seconds
Number of updated asset objects reloaded before import = 0Number of asset objects unloaded after import = 10

========================================================================
Received Import Request.
  Time since last request: 648.283924 seconds.
  path: Assets/Sprites/UI/Attack.png
  artifactKey: Guid(98c09658ff912a04eae79b81917db6e2) Importer(815301076,1909f56bfc062723c751e8b465ee728b)
Start importing Assets/Sprites/UI/Attack.png using Guid(98c09658ff912a04eae79b81917db6e2) Importer(815301076,1909f56bfc062723c751e8b465ee728b) (PreviewImporter) -> (artifact id: 'fdd65bfefd1207c973c4fdc6f678f401') in 0.0163878 seconds
Number of updated asset objects reloaded before import = 0Number of asset objects unloaded after import = 3

========================================================================
Received Import Request.
  Time since last request: 0.000048 seconds.
  path: Assets/Sprites/UI/Life.png
  artifactKey: Guid(b3487b610882a154eb3b092b7691b0f1) Importer(815301076,1909f56bfc062723c751e8b465ee728b)
Start importing Assets/Sprites/UI/Life.png using Guid(b3487b610882a154eb3b092b7691b0f1) Importer(815301076,1909f56bfc062723c751e8b465ee728b) (PreviewImporter) -> (artifact id: '1bcea29814150b11404300a3e74d3da5') in 0.0149147 seconds
Number of updated asset objects reloaded before import = 0Number of asset objects unloaded after import = 3

========================================================================
Received Import Request.
  Time since last request: 91.809545 seconds.
  path: Assets/Tiles/Assets_SpriteSheet4_0.asset
  artifactKey: Guid(b316f968166ac60438540bbd1ae2d42e) Importer(815301076,1909f56bfc062723c751e8b465ee728b)
Start importing Assets/Tiles/Assets_SpriteSheet4_0.asset using Guid(b316f968166ac60438540bbd1ae2d42e) Importer(815301076,1909f56bfc062723c751e8b465ee728b) (PreviewImporter) -> (artifact id: '36a5eae5439485c7b5f4eaf3cf0047f4') in 0.0452076 seconds
Number of updated asset objects reloaded before import = 0Number of asset objects unloaded after import = 3

========================================================================
Received Import Request.
  Time since last request: 0.000033 seconds.
  path: Assets/Tiles/Assets_SpriteSheet4_6.asset
  artifactKey: Guid(76281f9c195e35740ac4918eb815ed82) Importer(815301076,1909f56bfc062723c751e8b465ee728b)
Start importing Assets/Tiles/Assets_SpriteSheet4_6.asset using Guid(76281f9c195e35740ac4918eb815ed82) Importer(815301076,1909f56bfc062723c751e8b465ee728b) (PreviewImporter) -> (artifact id: '75ffd88d917436d85949b0e29f321083') in 0.0141319 seconds
Number of updated asset objects reloaded before import = 0Number of asset objects unloaded after import = 3

========================================================================
Received Import Request.
  Time since last request: 0.000046 seconds.
  path: Assets/Tiles/GamePalette.prefab
  artifactKey: Guid(cd8539deb7cf1f4419e54dcfade34c56) Importer(815301076,1909f56bfc062723c751e8b465ee728b)
Start importing Assets/Tiles/GamePalette.prefab using Guid(cd8539deb7cf1f4419e54dcfade34c56) Importer(815301076,1909f56bfc062723c751e8b465ee728b) (PreviewImporter) -> (artifact id: 'f167a775eff801bf88dbae0e511fc0fb') in 0.032949 seconds
Number of updated asset objects reloaded before import = 0Number of asset objects unloaded after import = 123

========================================================================
Received Import Request.
  Time since last request: 0.000027 seconds.
  path: Assets/Tiles/Assets_SpriteSheet4_5.asset
  artifactKey: Guid(3ad0b8afd2ea7844a8d7743a05aa5b5a) Importer(815301076,1909f56bfc062723c751e8b465ee728b)
Start importing Assets/Tiles/Assets_SpriteSheet4_5.asset using Guid(3ad0b8afd2ea7844a8d7743a05aa5b5a) Importer(815301076,1909f56bfc062723c751e8b465ee728b) (PreviewImporter) -> (artifact id: '7c37c4e29ffaf40fd83e1b78cacb4eef') in 0.014045 seconds
Number of updated asset objects reloaded before import = 0Number of asset objects unloaded after import = 3

========================================================================
Received Import Request.
  Time since last request: 0.000033 seconds.
  path: Assets/Tiles/Scavengers2_SpriteSheet_0.asset
  artifactKey: Guid(4f347239fccf53c49ba297afe8f629e5) Importer(815301076,1909f56bfc062723c751e8b465ee728b)
Start importing Assets/Tiles/Scavengers2_SpriteSheet_0.asset using Guid(4f347239fccf53c49ba297afe8f629e5) Importer(815301076,1909f56bfc062723c751e8b465ee728b) (PreviewImporter) -> (artifact id: '1153d74bfcb0e1f757bbcc19dd6c6af4') in 0.0157006 seconds
Number of updated asset objects reloaded before import = 0Number of asset objects unloaded after import = 3

========================================================================
Received Import Request.
  Time since last request: 0.000035 seconds.
  path: Assets/Tiles/Assets_SpriteSheet4_4.asset
  artifactKey: Guid(01becb5a6df3466499c971b5682ddea7) Importer(815301076,1909f56bfc062723c751e8b465ee728b)
Start importing Assets/Tiles/Assets_SpriteSheet4_4.asset using Guid(01becb5a6df3466499c971b5682ddea7) Importer(815301076,1909f56bfc062723c751e8b465ee728b) (PreviewImporter) -> (artifact id: '98207a4d3832497324c5c3a24f259ed1') in 0.0160987 seconds
Number of updated asset objects reloaded before import = 0Number of asset objects unloaded after import = 3

========================================================================
Received Import Request.
  Time since last request: 0.772851 seconds.
  path: Assets/Tiles/Scavengers2_SpriteSheet_4.asset
  artifactKey: Guid(121911ef586d9e84a9e48703d88a8b67) Importer(815301076,1909f56bfc062723c751e8b465ee728b)
Start importing Assets/Tiles/Scavengers2_SpriteSheet_4.asset using Guid(121911ef586d9e84a9e48703d88a8b67) Importer(815301076,1909f56bfc062723c751e8b465ee728b) (PreviewImporter) -> (artifact id: 'e6c340d5012c6ec18b8113409759423a') in 0.0133525 seconds
Number of updated asset objects reloaded before import = 0Number of asset objects unloaded after import = 3

========================================================================
Received Import Request.
  Time since last request: 0.000034 seconds.
  path: Assets/Tiles/Scavengers2_SpriteSheet_6.asset
  artifactKey: Guid(52101e235a07cdb44a6789e2b013bd62) Importer(815301076,1909f56bfc062723c751e8b465ee728b)
Start importing Assets/Tiles/Scavengers2_SpriteSheet_6.asset using Guid(52101e235a07cdb44a6789e2b013bd62) Importer(815301076,1909f56bfc062723c751e8b465ee728b) (PreviewImporter) -> (artifact id: '9b06ceabfdf647cde5862284a9171586') in 0.0127818 seconds
Number of updated asset objects reloaded before import = 0Number of asset objects unloaded after import = 3

========================================================================
Received Import Request.
  Time since last request: 0.000032 seconds.
  path: Assets/Tiles/Scavengers2_SpriteSheet_8.asset
  artifactKey: Guid(6d1b39ca556053142a873d963984bc7c) Importer(815301076,1909f56bfc062723c751e8b465ee728b)
Start importing Assets/Tiles/Scavengers2_SpriteSheet_8.asset using Guid(6d1b39ca556053142a873d963984bc7c) Importer(815301076,1909f56bfc062723c751e8b465ee728b) (PreviewImporter) -> (artifact id: '1e4905589b512fe00cf541f602be8757') in 0.0125151 seconds
Number of updated asset objects reloaded before import = 0Number of asset objects unloaded after import = 3

========================================================================
Received Import Request.
  Time since last request: 0.000041 seconds.
  path: Assets/Tiles/Scavengers2_SpriteSheet_12.asset
  artifactKey: Guid(d180c188c2367ed4ba92a7a45535f0de) Importer(815301076,1909f56bfc062723c751e8b465ee728b)
Start importing Assets/Tiles/Scavengers2_SpriteSheet_12.asset using Guid(d180c188c2367ed4ba92a7a45535f0de) Importer(815301076,1909f56bfc062723c751e8b465ee728b) (PreviewImporter) -> (artifact id: '8658d28db0e04c7e5612cd522230a553') in 0.0117906 seconds
Number of updated asset objects reloaded before import = 0Number of asset objects unloaded after import = 3

========================================================================
Received Import Request.
  Time since last request: 0.000023 seconds.
  path: Assets/Tiles/Scavengers2_SpriteSheet_10.asset
  artifactKey: Guid(e1bfd4cfbefe7ec4da94904e03ec38a9) Importer(815301076,1909f56bfc062723c751e8b465ee728b)
Start importing Assets/Tiles/Scavengers2_SpriteSheet_10.asset using Guid(e1bfd4cfbefe7ec4da94904e03ec38a9) Importer(815301076,1909f56bfc062723c751e8b465ee728b) (PreviewImporter) -> (artifact id: '03c89745dd39ca605f43725ac5a6f793') in 0.0106276 seconds
Number of updated asset objects reloaded before import = 0Number of asset objects unloaded after import = 3

========================================================================
Received Import Request.
  Time since last request: 0.222195 seconds.
  path: Assets/Tiles/Scavengers2_SpriteSheet_13.asset
  artifactKey: Guid(181be3b6e18637e46b129c5b2a93875c) Importer(815301076,1909f56bfc062723c751e8b465ee728b)
Start importing Assets/Tiles/Scavengers2_SpriteSheet_13.asset using Guid(181be3b6e18637e46b129c5b2a93875c) Importer(815301076,1909f56bfc062723c751e8b465ee728b) (PreviewImporter) -> (artifact id: 'b5b82e2967ea8bb0208c37a5d35195b4') in 0.0115089 seconds
Number of updated asset objects reloaded before import = 0Number of asset objects unloaded after import = 3

========================================================================
Received Import Request.
  Time since last request: 0.000032 seconds.
  path: Assets/Tiles/Scavengers2_SpriteSheet_18.asset
  artifactKey: Guid(223b24fc582320d46a7185fe337ec0a7) Importer(815301076,1909f56bfc062723c751e8b465ee728b)
Start importing Assets/Tiles/Scavengers2_SpriteSheet_18.asset using Guid(223b24fc582320d46a7185fe337ec0a7) Importer(815301076,1909f56bfc062723c751e8b465ee728b) (PreviewImporter) -> (artifact id: 'e6e28fcf55fe3d8298ba90e358bacd51') in 0.0120358 seconds
Number of updated asset objects reloaded before import = 0Number of asset objects unloaded after import = 3

========================================================================
Received Import Request.
  Time since last request: 0.000025 seconds.
  path: Assets/Tiles/Scavengers2_SpriteSheet_17.asset
  artifactKey: Guid(cbf731cf4c5b6be4baf59c8a7e436c8c) Importer(815301076,1909f56bfc062723c751e8b465ee728b)
Start importing Assets/Tiles/Scavengers2_SpriteSheet_17.asset using Guid(cbf731cf4c5b6be4baf59c8a7e436c8c) Importer(815301076,1909f56bfc062723c751e8b465ee728b) (PreviewImporter) -> (artifact id: '7730ab3c0c95c850c0dd8d9d66204995') in 0.0118412 seconds
Number of updated asset objects reloaded before import = 0Number of asset objects unloaded after import = 3

========================================================================
Received Import Request.
  Time since last request: 0.000030 seconds.
  path: Assets/Tiles/Scavengers2_SpriteSheet_22.asset
  artifactKey: Guid(9ff6a004bd39f7d47ab821b57ae45b95) Importer(815301076,1909f56bfc062723c751e8b465ee728b)
Start importing Assets/Tiles/Scavengers2_SpriteSheet_22.asset using Guid(9ff6a004bd39f7d47ab821b57ae45b95) Importer(815301076,1909f56bfc062723c751e8b465ee728b) (PreviewImporter) -> (artifact id: 'ccd075ceb289f99def77ccae665d1aa8') in 0.013017 seconds
Number of updated asset objects reloaded before import = 0Number of asset objects unloaded after import = 3

========================================================================
Received Import Request.
  Time since last request: 0.000028 seconds.
  path: Assets/Tiles/Scavengers2_SpriteSheet_23.asset
  artifactKey: Guid(f41ffa15a3d207247b25a5af868dbc41) Importer(815301076,1909f56bfc062723c751e8b465ee728b)
Start importing Assets/Tiles/Scavengers2_SpriteSheet_23.asset using Guid(f41ffa15a3d207247b25a5af868dbc41) Importer(815301076,1909f56bfc062723c751e8b465ee728b) (PreviewImporter) -> (artifact id: 'eac07124ed612e223e8ed8ae96257dad') in 0.012896 seconds
Number of updated asset objects reloaded before import = 0Number of asset objects unloaded after import = 3

========================================================================
Received Import Request.
  Time since last request: 0.000029 seconds.
  path: Assets/Tiles/Scavengers2_SpriteSheet_19.asset
  artifactKey: Guid(284ac2d559db18c40ac4636cc8fe1e1b) Importer(815301076,1909f56bfc062723c751e8b465ee728b)
Start importing Assets/Tiles/Scavengers2_SpriteSheet_19.asset using Guid(284ac2d559db18c40ac4636cc8fe1e1b) Importer(815301076,1909f56bfc062723c751e8b465ee728b) (PreviewImporter) -> (artifact id: '3a340a0b1e310cc18825c2ec757e1b36') in 0.0102598 seconds
Number of updated asset objects reloaded before import = 0Number of asset objects unloaded after import = 3

========================================================================
Received Import Request.
  Time since last request: 0.188626 seconds.
  path: Assets/Tiles/Scavengers2_SpriteSheet_25.asset
  artifactKey: Guid(078b77f1f0d3ba64d889b6aab6ad6fe4) Importer(815301076,1909f56bfc062723c751e8b465ee728b)
Start importing Assets/Tiles/Scavengers2_SpriteSheet_25.asset using Guid(078b77f1f0d3ba64d889b6aab6ad6fe4) Importer(815301076,1909f56bfc062723c751e8b465ee728b) (PreviewImporter) -> (artifact id: '100b2fe9df8eb5f136f9c7a6f743f176') in 0.0106063 seconds
Number of updated asset objects reloaded before import = 0Number of asset objects unloaded after import = 3

========================================================================
Received Import Request.
  Time since last request: 0.000024 seconds.
  path: Assets/Tiles/Scavengers2_SpriteSheet_30.asset
  artifactKey: Guid(845c6bc5d0e8b9c4d97a5beac5e325b3) Importer(815301076,1909f56bfc062723c751e8b465ee728b)
Start importing Assets/Tiles/Scavengers2_SpriteSheet_30.asset using Guid(845c6bc5d0e8b9c4d97a5beac5e325b3) Importer(815301076,1909f56bfc062723c751e8b465ee728b) (PreviewImporter) -> (artifact id: '5803fce195f24dc48f66ab3d9db865ac') in 0.0106322 seconds
Number of updated asset objects reloaded before import = 0Number of asset objects unloaded after import = 3

========================================================================
Received Import Request.
  Time since last request: 0.000045 seconds.
  path: Assets/Tiles/Scavengers2_SpriteSheet_27.asset
  artifactKey: Guid(d6ecfdc2502c8a84782a0a92748ba226) Importer(815301076,1909f56bfc062723c751e8b465ee728b)
Start importing Assets/Tiles/Scavengers2_SpriteSheet_27.asset using Guid(d6ecfdc2502c8a84782a0a92748ba226) Importer(815301076,1909f56bfc062723c751e8b465ee728b) (PreviewImporter) -> (artifact id: '3e350b5d31522b70ae14e8e6d9a7a3dd') in 0.0111138 seconds
Number of updated asset objects reloaded before import = 0Number of asset objects unloaded after import = 3

========================================================================
Received Import Request.
  Time since last request: 0.000028 seconds.
  path: Assets/Tiles/Scavengers2_SpriteSheet_32.asset
  artifactKey: Guid(e1405da3e16abc244b423cd7ea59bfad) Importer(815301076,1909f56bfc062723c751e8b465ee728b)
Start importing Assets/Tiles/Scavengers2_SpriteSheet_32.asset using Guid(e1405da3e16abc244b423cd7ea59bfad) Importer(815301076,1909f56bfc062723c751e8b465ee728b) (PreviewImporter) -> (artifact id: 'a0561afbf09f98b7016682ef5145a69c') in 0.0121947 seconds
Number of updated asset objects reloaded before import = 0Number of asset objects unloaded after import = 3

========================================================================
Received Import Request.
  Time since last request: 0.000032 seconds.
  path: Assets/Tiles/Scavengers2_SpriteSheet_31.asset
  artifactKey: Guid(b727da5e42ae0874caad01c6be5ab75b) Importer(815301076,1909f56bfc062723c751e8b465ee728b)
Start importing Assets/Tiles/Scavengers2_SpriteSheet_31.asset using Guid(b727da5e42ae0874caad01c6be5ab75b) Importer(815301076,1909f56bfc062723c751e8b465ee728b) (PreviewImporter) -> (artifact id: '20bc589b676c57fb08f17df1073ddd41') in 0.0116748 seconds
Number of updated asset objects reloaded before import = 0Number of asset objects unloaded after import = 3

========================================================================
Received Import Request.
  Time since last request: 0.202146 seconds.
  path: Assets/Tiles/Scavengers2_SpriteSheet_34.asset
  artifactKey: Guid(a858b9cba87825044b4ff81c9c333f30) Importer(815301076,1909f56bfc062723c751e8b465ee728b)
Start importing Assets/Tiles/Scavengers2_SpriteSheet_34.asset using Guid(a858b9cba87825044b4ff81c9c333f30) Importer(815301076,1909f56bfc062723c751e8b465ee728b) (PreviewImporter) -> (artifact id: 'ceb75beb707f33a5a6fc8ab36e4bc7b1') in 0.0107439 seconds
Number of updated asset objects reloaded before import = 0Number of asset objects unloaded after import = 3

========================================================================
Received Import Request.
  Time since last request: 0.000028 seconds.
  path: Assets/Tiles/Scavengers2_SpriteSheet_38.asset
  artifactKey: Guid(9e0b9025cc5f8f440916909c7e8f2c41) Importer(815301076,1909f56bfc062723c751e8b465ee728b)
Start importing Assets/Tiles/Scavengers2_SpriteSheet_38.asset using Guid(9e0b9025cc5f8f440916909c7e8f2c41) Importer(815301076,1909f56bfc062723c751e8b465ee728b) (PreviewImporter) -> (artifact id: 'fcd38a2fe07d0a42f390eed3127b1360') in 0.0124269 seconds
Number of updated asset objects reloaded before import = 0Number of asset objects unloaded after import = 3

========================================================================
Received Import Request.
  Time since last request: 0.000039 seconds.
  path: Assets/Tiles/Scavengers2_SpriteSheet_48.asset
  artifactKey: Guid(a599a57e2cb6d5f498d2b8ac187762b7) Importer(815301076,1909f56bfc062723c751e8b465ee728b)
Start importing Assets/Tiles/Scavengers2_SpriteSheet_48.asset using Guid(a599a57e2cb6d5f498d2b8ac187762b7) Importer(815301076,1909f56bfc062723c751e8b465ee728b) (PreviewImporter) -> (artifact id: 'de9f9a49e22a446edcabdccf4196be79') in 0.0121598 seconds
Number of updated asset objects reloaded before import = 0Number of asset objects unloaded after import = 3

========================================================================
Received Import Request.
  Time since last request: 0.000032 seconds.
  path: Assets/Tiles/Scavengers2_SpriteSheet_51.asset
  artifactKey: Guid(85a1aa119aece0e4db6ca66170ac0f76) Importer(815301076,1909f56bfc062723c751e8b465ee728b)
Start importing Assets/Tiles/Scavengers2_SpriteSheet_51.asset using Guid(85a1aa119aece0e4db6ca66170ac0f76) Importer(815301076,1909f56bfc062723c751e8b465ee728b) (PreviewImporter) -> (artifact id: 'aa990846f91577afc8d7a4947b17c87f') in 0.0114287 seconds
Number of updated asset objects reloaded before import = 0Number of asset objects unloaded after import = 3

========================================================================
Received Import Request.
  Time since last request: 0.000036 seconds.
  path: Assets/Tiles/Scavengers2_SpriteSheet_52.asset
  artifactKey: Guid(e16994a2d49808142a090a5fee55e221) Importer(815301076,1909f56bfc062723c751e8b465ee728b)
Start importing Assets/Tiles/Scavengers2_SpriteSheet_52.asset using Guid(e16994a2d49808142a090a5fee55e221) Importer(815301076,1909f56bfc062723c751e8b465ee728b) (PreviewImporter) -> (artifact id: 'f919f5662460ec83ab9a34e3cb68118c') in 0.011409 seconds
Number of updated asset objects reloaded before import = 0Number of asset objects unloaded after import = 3

========================================================================
Received Import Request.
  Time since last request: 0.000029 seconds.
  path: Assets/Tiles/Scavengers2_SpriteSheet_49.asset
  artifactKey: Guid(579afc507484d0445863954b8bd3419d) Importer(815301076,1909f56bfc062723c751e8b465ee728b)
Start importing Assets/Tiles/Scavengers2_SpriteSheet_49.asset using Guid(579afc507484d0445863954b8bd3419d) Importer(815301076,1909f56bfc062723c751e8b465ee728b) (PreviewImporter) -> (artifact id: 'c15eb9375c08c47528638817e753f4f0') in 0.0112021 seconds
Number of updated asset objects reloaded before import = 0Number of asset objects unloaded after import = 3

========================================================================
Received Import Request.
  Time since last request: 0.195296 seconds.
  path: Assets/Tiles/Scavengers2_SpriteSheet_53.asset
  artifactKey: Guid(65fd294d7b2154242a34217ded08febc) Importer(815301076,1909f56bfc062723c751e8b465ee728b)
Start importing Assets/Tiles/Scavengers2_SpriteSheet_53.asset using Guid(65fd294d7b2154242a34217ded08febc) Importer(815301076,1909f56bfc062723c751e8b465ee728b) (PreviewImporter) -> (artifact id: 'ecc975f399daebe32e7f214c03158c74') in 0.0140498 seconds
Number of updated asset objects reloaded before import = 0Number of asset objects unloaded after import = 3

========================================================================
Received Import Request.
  Time since last request: 225.908417 seconds.
  path: Assets/Settings/Lit2DSceneTemplate.scenetemplate
  artifactKey: Guid(d03ed43fc9d8a4f2e9fa70c1c7916eb9) Importer(815301076,1909f56bfc062723c751e8b465ee728b)
Start importing Assets/Settings/Lit2DSceneTemplate.scenetemplate using Guid(d03ed43fc9d8a4f2e9fa70c1c7916eb9) Importer(815301076,1909f56bfc062723c751e8b465ee728b) (PreviewImporter) -> (artifact id: 'aeedbff4f3b2c0f78e4cc22a4c445349') in 0.054974 seconds
Number of updated asset objects reloaded before import = 0Number of asset objects unloaded after import = 5

